<?xml version="1.0" encoding="UTF-8"?>
<!-- Generated by org.testng.reporters.JUnitXMLReporter -->
<testsuite ignored="0" hostname="Muras-MB-Pro.local" failures="0" tests="4" name="Default test" time="14.26" errors="0" timestamp="2025-04-27T16:04:49 PDT">
  <testcase classname="com.Automation.APITest.AddUserTest" name="GetUserDataTest" time="2.532"/>
  <testcase classname="com.Automation.APITest.AddUserTest" name="addUserWithFakerDataTest" time="2.471"/>
  <testcase classname="com.Automation.APITest.AddUserTest" name="verifyAddUserdataTest" time="2.967"/>
  <testcase classname="com.Automation.APITest.AddUserTest" name="deleteUserdataTest" time="2.487"/>
</testsuite> <!-- Default test -->
