<?xml version="1.0" encoding="UTF-8"?>
<!-- Generated by org.testng.reporters.JUnitXMLReporter -->
<testsuite ignored="0" hostname="Muras-MB-Pro.local" failures="0" tests="6" name="Test" time="12.886" errors="0" timestamp="2025-04-27T22:39:49 PDT">
  <testcase classname="com.Automation.APITest.AddUserTest" name="GetUserDataTest" time="2.598"/>
  <testcase classname="com.Automation.APITest.AddUserTest" name="addUserWithFakerDataTest" time="1.845"/>
  <testcase classname="com.Automation.APITest.AddUserTest" name="testaddUserusingJsonFile" time="0.0"/>
  <testcase classname="com.Automation.APITest.AddUserTest" name="verifyAddUserdataTest" time="3.254"/>
  <testcase classname="com.Automation.APITest.AddUserTest" name="deleteUserdataTest" time="1.425"/>
  <testcase classname="com.Automation.APITest.LoginTest" name="loginTest" time="0.169"/>
</testsuite> <!-- Test -->
