<?xml version="1.0" encoding="UTF-8"?>
<testsuite xmlns:xsi="http://www.w3.org/2001/XMLSchema-instance" xsi:noNamespaceSchemaLocation="https://maven.apache.org/surefire/maven-surefire-plugin/xsd/surefire-test-report-3.0.xsd" version="3.0" name="TestSuite" time="13.402" tests="6" errors="0" skipped="0" failures="0">
  <properties>
[...]
</properties>
  <testcase name="GetUserDataTest" classname="com.Automation.APITest.AddUserTest" time="2.603">
    <system-out><![CDATA[2025-04-27 22:39:36,304 INFO  APITestListeners.java:53 - Test
2025-04-27 22:39:36,306 INFO  APITestListeners.java:54 - class org.testng.TestRunner
com.Automation.RequestPOJO.LoginRequestPOJO@64f16277
2025-04-27 22:39:39,055 INFO  AddUserTest.java:43 - --------------Before class Login Post--------------
2025-04-27 22:39:39,068 DEBUG AddUserTest.java:50 - rhBDRjoo08JLg6z6em1p
2025-04-27 22:39:39,068 DEBUG AddUserTest.java:51 - lw1autACsTCbyKMtmbw65UYayzpsxrHlMHHdyyyxlQn6L67eT5U0lefc3rwP6sFPzcZm4S4Vm2JOJlf9PNXGuHEsOiAcjP46FWPg
2025-04-27 22:39:39,070 INFO  APITestListeners.java:22 - GetUserDataTest Using getName()
lw1autACsTCbyKMtmbw65UYayzpsxrHlMHHdyyyxlQn6L67eT5U0lefc3rwP6sFPzcZm4S4Vm2JOJlf9PNXGuHEsOiAcjP46FWPg
2025-04-27 22:39:41,528 INFO  AddUserTest.java:59 - --------------Inside GetUserdata Test--------------
2025-04-27 22:39:41,656 DEBUG AddUserTest.java:62 - [
    {
        "accountno": "TA-Custard",
        "departmentno": "1",
        "salary": "50000",
        "pincode": "643203",
        "userid": "v4IEGsscftctjnf3W7q0",
        "id": "VvrMGGHWlSVmjfy0M11e"
    },
    {
        "accountno": "TA-Brazill",
        "departmentno": "2",
        "salary": "30000",
        "pincode": "322222",
        "userid": "v4IEGsscftctjnf3W7q0",
        "id": "eDLUpB48iVLjVarRPokc"
    },
    {
        "accountno": "TA-5678333",
        "departmentno": "4",
        "salary": "45678",
        "pincode": "234567",
        "userid": "GXqEbrggaM4KKESnABe4",
        "id": "OmVPRCRcUyX53Wz5cC4r"
    },
    {
        "accountno": "TA-2235521",
        "departmentno": "2",
        "salary": "35623",
        "pincode": "225123",
        "userid": "v6kdE9B6aAKR19zv9io7",
        "id": "w6XV6tDMHiyYa6SiNd40"
    },
    {
        "accountno": "TA-5656656",
        "departmentno": "5",
        "salary": "345678",
        "pincode": "999999",
        "userid": "hxe135Zi2Y4u4iyFD97W",
        "id": "i519u1PNYb4KD7SPYgAP"
    },
    {
        "accountno": "TA-3333333",
        "departmentno": "3",
        "salary": "3",
        "pincode": "333333",
        "userid": "0vNNxaYS7eBg08Y9dFJk",
        "id": "DY1j0GPwRY8M3OShA7F9"
    },
    {
        "accountno": "TA-0000000",
        "departmentno": "0",
        "salary": "0",
        "pincode": "000000",
        "userid": "gQZ4fqeDFg3Q5GXeyGrY",
        "id": "dQEfzxYeV1ViO0KrzQdR"
    },
    {
        "accountno": "TA-5678333",
        "departmentno": "4",
        "salary": "45678",
        "pincode": "234567",
        "userid": "taGX4XQQfXD3Z76sI1Xn",
        "id": "P9OB8PSzj7dN2kir2X6D"
    },
    {
        "accountno": "TA-1234000",
        "departmentno": "1",
        "salary": "90000",
        "pincode": "987654",
        "userid": "3NFEupEYQGG2EFz1gvBG",
        "id": "tB9mqDV5J9RhBsYBvpXX"
    },
    {
        "accountno": "TA-9678923",
        "departmentno": "3",
        "salary": "23400",
        "pincode": "543005",
        "userid": "HmKUjtJcsDsvODxEmjla",
        "id": "rHyaFdCDxdcpA9IIk7LG"
    },
    {
        "accountno": "TA-0000072",
        "departmentno": "8",
        "salary": "56000",
        "pincode": "853452",
        "userid": "xlqBI2bMTgs2WYDkMnQo",
        "id": "pskhn7iqy2lOXliCr0fM"
    },
    {
        "accountno": "TA-9824935",
        "departmentno": "1",
        "salary": "765263",
        "pincode": "237745",
        "userid": "hfZwzaNysf1hW8zmc9Zt",
        "id": "VkkGODamIY886Pa1zqUA"
    },
    {
        "accountno": "TA-tek0909",
        "departmentno": "1",
        "salary": "12345",
        "pincode": "636201",
        "userid": "AmFICKa0MUOyBMIVDhOW",
        "id": "EPqAtZXLWF7mCFaG1ts1"
    },
    {
        "accountno": "TA-1100005",
        "departmentno": "2",
        "salary": "70000",
        "pincode": "12110",
        "userid": "3NFEupEYQGG2EFz1gvBG",
        "id": "kOD8KgPdVfhB7fAIfmSj"
    },
    {
        "accountno": "TA-1111111",
        "departmentno": "1",
        "salary": "1111111",
        "pincode": "111111",
        "userid": "owO6y8MSRjCNvNvfHjPb",
        "id": "sssfQQHmHWKOAuSC7XQU"
    },
    {
        "accountno": "TA-1101101",
        "departmentno": "2",
        "salary": "68768",
        "pincode": "123564",
        "userid": "0sXEEwLw5uMWFON9o94n",
        "id": "6MpkNCtJM2N2A5VaX0cK"
    },
    {
        "accountno": "TA-0999990",
        "departmentno": "9",
        "salary": "22139999999",
        "pincode": "099990",
        "userid": "epCZKK95v3CdjBuWOzWn",
        "id": "2mfw6E4X4LbkDCshJCVv"
    },
    {
        "accountno": "TA-4567890",
        "departmentno": "6",
        "salary": "4536",
        "pincode": "234567",
        "userid": "rtRtK0JiUnvzAOUkys0z",
        "id": "3hfutYuxxImEME8xngz8"
    },
    {
        "accountno": "TA-Custard",
        "departmentno": "1",
        "salary": "50000",
        "pincode": "643203",
        "userid": "v4IEGsscftctjnf3W7q0",
        "id": "2xA2tYL3FcdxdU3cUPgb"
    },
    {
        "accountno": "TA-Brazill",
        "departmentno": "2",
        "salary": "30000",
        "pincode": "322222",
        "userid": "v4IEGsscftctjnf3W7q0",
        "id": "KJRTXcFkcRxf15l8uRRy"
    },
    {
        "accountno": "TA-5678333",
        "departmentno": "4",
        "salary": "45678",
        "pincode": "234567",
        "userid": "GXqEbrggaM4KKESnABe4",
        "id": "pAh62Z8Wf4fTZ8kkpfpG"
    },
    {
        "accountno": "TA-5656656",
        "departmentno": "5",
        "salary": "345678",
        "pincode": "999999",
        "userid": "hxe135Zi2Y4u4iyFD97W",
        "id": "JDZBSvxvYeeDM3YKNWiZ"
    },
    {
        "accountno": "TA-4567880",
        "departmentno": "6",
        "salary": "45789",
        "pincode": "567993",
        "userid": "SqjAz5C2GhwC6xsDYR9T",
        "id": "iRoV99ExUcxb3F3YTuAf"
    },
    {
        "accountno": "TA-2235521",
        "departmentno": "2",
        "salary": "35623",
        "pincode": "225123",
        "userid": "v6kdE9B6aAKR19zv9io7",
        "id": "KUwqkugInk45iRMUdHe2"
    },
    {
        "accountno": "TA-3333333",
        "departmentno": "3",
        "salary": "3",
        "pincode": "333333",
        "userid": "0vNNxaYS7eBg08Y9dFJk",
        "id": "MqBGZq8dfR7iijdXQsZZ"
    },
    {
        "accountno": "TA-0000000",
        "departmentno": "0",
        "salary": "0",
        "pincode": "000000",
        "userid": "gQZ4fqeDFg3Q5GXeyGrY",
        "id": "hbVQGDfU2RSvdiGww7SF"
    },
    {
        "accountno": "TA-5678333",
        "departmentno": "4",
        "salary": "45678",
        "pincode": "234567",
        "userid": "taGX4XQQfXD3Z76sI1Xn",
        "id": "zqC5Ebt371NtutGVvyhJ"
    },
    {
        "accountno": "TA-9678923",
        "departmentno": "3",
        "salary": "23400",
        "pincode": "543005",
        "userid": "HmKUjtJcsDsvODxEmjla",
        "id": "EjciTw4qOykN10Pgj8fu"
    },
    {
        "accountno": "TA-1234000",
        "departmentno": "1",
        "salary": "90000",
        "pincode": "987654",
        "userid": "3NFEupEYQGG2EFz1gvBG",
        "id": "CcuKn2OGwafFVJz4rQtF"
    },
    {
        "accountno": "TA-0000072",
        "departmentno": "8",
        "salary": "56000",
        "pincode": "853452",
        "userid": "xlqBI2bMTgs2WYDkMnQo",
        "id": "07ITQkzEq7TimUyOrdmD"
    },
    {
        "accountno": "TA-tek0909",
        "departmentno": "1",
        "salary": "12345",
        "pincode": "636201",
        "userid": "AmFICKa0MUOyBMIVDhOW",
        "id": "8nl8Yxj11KtP3JSYpmE9"
    },
    {
        "accountno": "TA-1101101",
        "departmentno": "2",
        "salary": "68768",
        "pincode": "123564",
        "userid": "0sXEEwLw5uMWFON9o94n",
        "id": "8McMy3S93OtLz0BMupuq"
    },
    {
        "accountno": "TA-1100005",
        "departmentno": "2",
        "salary": "70000",
        "pincode": "12110",
        "userid": "3NFEupEYQGG2EFz1gvBG",
        "id": "iQvmFpKdH41yNHmCycTq"
    },
    {
        "accountno": "TA-1111111",
        "departmentno": "1",
        "salary": "1111111",
        "pincode": "111111",
        "userid": "owO6y8MSRjCNvNvfHjPb",
        "id": "PjcyaiC5Yf1ks5ZCMBS7"
    },
    {
        "accountno": "TA-0999990",
        "departmentno": "9",
        "salary": "22139999999",
        "pincode": "099990",
        "userid": "epCZKK95v3CdjBuWOzWn",
        "id": "aITcSvrkmd2rXIt3hrxI"
    },
    {
        "accountno": "TA-Brazill",
        "departmentno": "2",
        "salary": "30000",
        "pincode": "322222",
        "userid": "v4IEGsscftctjnf3W7q0",
        "id": "wBPDebqBxOPqkZNyojOA"
    },
    {
        "accountno": "TA-5678333",
        "departmentno": "4",
        "salary": "45678",
        "pincode": "234567",
        "userid": "GXqEbrggaM4KKESnABe4",
        "id": "y9tdsyJ9Sb4lqHP3YNgt"
    },
    {
        "accountno": "TA-Custard",
        "departmentno": "1",
        "salary": "50000",
        "pincode": "643203",
        "userid": "v4IEGsscftctjnf3W7q0",
        "id": "DH0oyNVOMgM4bH98EWJY"
    },
    {
        "accountno": "TA-2235521",
        "departmentno": "2",
        "salary": "35623",
        "pincode": "225123",
        "userid": "v6kdE9B6aAKR19zv9io7",
        "id": "ZwkgWVG3KXclrsQXe4Mv"
    },
    {
        "accountno": "TA-5656656",
        "departmentno": "5",
        "salary": "345678",
        "pincode": "999999",
        "userid": "hxe135Zi2Y4u4iyFD97W",
        "id": "3h0HzGbKRG08WhJvwR51"
    },
    {
        "accountno": "TA-3333333",
        "departmentno": "3",
        "salary": "3",
        "pincode": "333333",
        "userid": "0vNNxaYS7eBg08Y9dFJk",
        "id": "U5OBuGnQT3NdAbcRUltx"
    },
    {
        "accountno": "TA-0000000",
        "departmentno": "0",
        "salary": "0",
        "pincode": "000000",
        "userid": "gQZ4fqeDFg3Q5GXeyGrY",
        "id": "6Ma9kbbwXg2jpIigNWB6"
    },
    {
        "accountno": "TA-1222001",
        "departmentno": "7",
        "salary": "81000",
        "pincode": "111003",
        "userid": "aswoxb8WWmJSI8oHNSDc",
        "id": "9yzhVmDVYLC7D1iV3Etf"
    },
    {
        "accountno": "SG7731838",
        "departmentno": "1",
        "salary": "12345",
        "pincode": "123456",
        "userid": "fbSxAvmF5UgV1RLuX411",
        "id": "g5s3pMTrveknQtFjOI0G"
    },
    {
        "accountno": "TA-5678333",
        "departmentno": "4",
        "salary": "45678",
        "pincode": "234567",
        "userid": "taGX4XQQfXD3Z76sI1Xn",
        "id": "6Nk9x7T8wbu23cA8DiLR"
    },
    {
        "accountno": "TA-1234000",
        "departmentno": "1",
        "salary": "90000",
        "pincode": "987654",
        "userid": "3NFEupEYQGG2EFz1gvBG",
        "id": "eq7DLHoxop0M4nJ42qyQ"
    },
    {
        "accountno": "TA-9678923",
        "departmentno": "3",
        "salary": "23400",
        "pincode": "543005",
        "userid": "HmKUjtJcsDsvODxEmjla",
        "id": "aabcfJVYc7f3E62BKaaH"
    },
    {
        "accountno": "TA663333",
        "departmentno": "1",
        "salary": "100000",
        "pincode": "324323",
        "userid": "PWFkTudx4qOE9olEI0bt",
        "id": "tuJ2aMrNGLeM9ky478FH"
    },
    {
        "accountno": "TA123333",
        "departmentno": "3",
        "salary": "100000",
        "pincode": "324323",
        "userid": "PWFkTudx4qOE9olEI0bt",
        "id": "9qfTStmAbBewRN95dQFN"
    },
    {
        "accountno": "TA-1212178",
        "departmentno": "1",
        "salary": "111891",
        "pincode": "111111",
        "userid": "PWFkTudx4qOE9olEI0bt",
        "id": "gxWWsyxWrcKSanTD5pVv"
    },
    {
        "accountno": "TA-0000072",
        "departmentno": "8",
        "salary": "56000",
        "pincode": "853452",
        "userid": "xlqBI2bMTgs2WYDkMnQo",
        "id": "vERtCL8FEMdUqyzduGD2"
    },
    {
        "accountno": "TA-17449",
        "departmentno": "TA-4",
        "salary": "73314",
        "pincode": "63210-7844",
        "userid": "rhBDRjoo08JLg6z6em1p",
        "id": "7nogRp5NrlgBmgCGirnj"
    },
    {
        "accountno": "TA-tek0909",
        "departmentno": "1",
        "salary": "12345",
        "pincode": "636201",
        "userid": "AmFICKa0MUOyBMIVDhOW",
        "id": "QlVyU4ddOI5UaWw9Ufgc"
    },
    {
        "accountno": "TA-1111111",
        "departmentno": "1",
        "salary": "1111111",
        "pincode": "111111",
        "userid": "owO6y8MSRjCNvNvfHjPb",
        "id": "B0Nx9iFIEEOfw76hlTQr"
    },
    {
        "accountno": "TA-5680117",
        "departmentno": "5",
        "salary": "90700",
        "pincode": "567007",
        "userid": "0M87Gg0ZQtcBm8GaIrHo",
        "id": "fQfT9bcwBo0iBluD4g4W"
    },
    {
        "accountno": "TA-1101101",
        "departmentno": "2",
        "salary": "68768",
        "pincode": "123564",
        "userid": "0sXEEwLw5uMWFON9o94n",
        "id": "X26P9ouBDQfJ5PtZKRfd"
    },
    {
        "accountno": "TA-1100005",
        "departmentno": "2",
        "salary": "70000",
        "pincode": "12110",
        "userid": "3NFEupEYQGG2EFz1gvBG",
        "id": "shdIakDbkhu5mw3iDYgc"
    },
    {
        "accountno": "TA-0999990",
        "departmentno": "9",
        "salary": "22139999999",
        "pincode": "099990",
        "userid": "epCZKK95v3CdjBuWOzWn",
        "id": "xtsJbmAIRT5OLjWRbojf"
    },
    {
        "accountno": "TA-17966",
        "departmentno": "TA-6",
        "salary": "91053",
        "pincode": "20538-8308",
        "userid": "rhBDRjoo08JLg6z6em1p",
        "id": "ZOyDqZ2c1ViUgGvT8BDu"
    },
    {
        "accountno": "TA-Brazill",
        "departmentno": "2",
        "salary": "30000",
        "pincode": "322222",
        "userid": "v4IEGsscftctjnf3W7q0",
        "id": "AvS5TrpjPb5kIxlNtDFp"
    },
    {
        "accountno": "TA-Custard",
        "departmentno": "1",
        "salary": "50000",
        "pincode": "643203",
        "userid": "v4IEGsscftctjnf3W7q0",
        "id": "lMYVZGcb1taEhx4q90i7"
    },
    {
        "accountno": "TA-5678333",
        "departmentno": "4",
        "salary": "45678",
        "pincode": "234567",
        "userid": "GXqEbrggaM4KKESnABe4",
        "id": "pijxvXza3Dwuh89LtQZD"
    },
    {
        "accountno": "TA-2235521",
        "departmentno": "2",
        "salary": "35623",
        "pincode": "225123",
        "userid": "v6kdE9B6aAKR19zv9io7",
        "id": "HJwNYs6mDH5hSJLmoUnu"
    },
    {
        "accountno": "TA-5656656",
        "departmentno": "5",
        "salary": "345678",
        "pincode": "999999",
        "userid": "hxe135Zi2Y4u4iyFD97W",
        "id": "AM3Yfem9Voo1UExh3qVT"
    },
    {
        "accountno": "TA-3333333",
        "departmentno": "3",
        "salary": "3",
        "pincode": "333333",
        "userid": "0vNNxaYS7eBg08Y9dFJk",
        "id": "dcLsZJPfvIq0Pi2w1EFt"
    },
    {
        "accountno": "TA-0000000",
        "departmentno": "0",
        "salary": "0",
        "pincode": "000000",
        "userid": "gQZ4fqeDFg3Q5GXeyGrY",
        "id": "uVYYiHOBSADbxF1kyiMa"
    },
    {
        "accountno": "TA-20013",
        "departmentno": "TA-4",
        "salary": "44035",
        "pincode": "56963-5674",
        "userid": "rhBDRjoo08JLg6z6em1p",
        "id": "1liAqpISyJ9P8VA5snhb"
    },
    {
        "accountno": "TA-17430",
        "departmentno": "TA-4",
        "salary": "07442",
        "pincode": "98468-3459",
        "userid": "rhBDRjoo08JLg6z6em1p",
        "id": "2fWPjBSvLQQmd6o3Cm01"
    },
    {
        "accountno": "TA-5678333",
        "departmentno": "4",
        "salary": "45678",
        "pincode": "234567",
        "userid": "taGX4XQQfXD3Z76sI1Xn",
        "id": "ie0BroqZGRiWlCH1Yo4f"
    },
    {
        "accountno": "TA-9678923",
        "departmentno": "3",
        "salary": "23400",
        "pincode": "543005",
        "userid": "HmKUjtJcsDsvODxEmjla",
        "id": "WSphIx87tRKVHLBBjyXx"
    },
    {
        "accountno": "TA-1234000",
        "departmentno": "1",
        "salary": "90000",
        "pincode": "987654",
        "userid": "3NFEupEYQGG2EFz1gvBG",
        "id": "sCGp58cHBVN8guqgwDUs"
    },
    {
        "accountno": "TA-0000072",
        "departmentno": "8",
        "salary": "56000",
        "pincode": "853452",
        "userid": "xlqBI2bMTgs2WYDkMnQo",
        "id": "S7AfpBgecoaumlCnkaPL"
    },
    {
        "accountno": "TA-10571",
        "departmentno": "TA-1",
        "salary": "37507",
        "pincode": "64046-6572",
        "userid": "rhBDRjoo08JLg6z6em1p",
        "id": "hbblW1xSY4zKqNJWeRE5"
    },
    {
        "accountno": "TA-18352",
        "departmentno": "TA-4",
        "salary": "54468",
        "pincode": "99323",
        "userid": "rhBDRjoo08JLg6z6em1p",
        "id": "60ATQFx5UM8i7nJ5DZsm"
    },
    {
        "accountno": "TA-21911",
        "departmentno": "TA-6",
        "salary": "72076",
        "pincode": "18798-1700",
        "userid": "rhBDRjoo08JLg6z6em1p",
        "id": "0fTLgCLTuPwQK0WloFDc"
    },
    {
        "accountno": "TA-17965",
        "departmentno": "TA-1",
        "salary": "47704",
        "pincode": "57799",
        "userid": "rhBDRjoo08JLg6z6em1p",
        "id": "VcWb4t3dEgShbyPzuffb"
    },
    {
        "accountno": "TA-1111111",
        "departmentno": "1",
        "salary": "1111111",
        "pincode": "111111",
        "userid": "owO6y8MSRjCNvNvfHjPb",
        "id": "SNf6cRk3uLsDqRBt8A6m"
    },
    {
        "accountno": "TA-5680117",
        "departmentno": "5",
        "salary": "90700",
        "pincode": "567007",
        "userid": "0M87Gg0ZQtcBm8GaIrHo",
        "id": "SoGBXxd3ykSZ2i0a1fZ3"
    },
    {
        "accountno": "TA-1101101",
        "departmentno": "2",
        "salary": "68768",
        "pincode": "123564",
        "userid": "0sXEEwLw5uMWFON9o94n",
        "id": "nAkNhO6CO5CJKEhO3TpO"
    },
    {
        "accountno": "TA-tek0909",
        "departmentno": "1",
        "salary": "12345",
        "pincode": "636201",
        "userid": "AmFICKa0MUOyBMIVDhOW",
        "id": "8LU2utnDCbVPE0ODI71c"
    },
    {
        "accountno": "TA-1100005",
        "departmentno": "2",
        "salary": "70000",
        "pincode": "12110",
        "userid": "3NFEupEYQGG2EFz1gvBG",
        "id": "hHQVS8LsQALYArblL12M"
    },
    {
        "accountno": "TA-0999990",
        "departmentno": "9",
        "salary": "22139999999",
        "pincode": "099990",
        "userid": "epCZKK95v3CdjBuWOzWn",
        "id": "5kt4BjPouKT5qcQH2J5Y"
    },
    {
        "accountno": "TA-Custard",
        "departmentno": "1",
        "salary": "50000",
        "pincode": "643203",
        "userid": "v4IEGsscftctjnf3W7q0",
        "id": "6vTSWdPkReqh9ywLz9Qk"
    },
    {
        "accountno": "TA-Brazill",
        "departmentno": "2",
        "salary": "30000",
        "pincode": "322222",
        "userid": "v4IEGsscftctjnf3W7q0",
        "id": "9Whnl4xlJMCOPgNil6Pn"
    },
    {
        "accountno": "TA-5678333",
        "departmentno": "4",
        "salary": "45678",
        "pincode": "234567",
        "userid": "GXqEbrggaM4KKESnABe4",
        "id": "EZYZS80HhK9ZI6fxA1WK"
    },
    {
        "accountno": "TA-5656656",
        "departmentno": "5",
        "salary": "345678",
        "pincode": "999999",
        "userid": "hxe135Zi2Y4u4iyFD97W",
        "id": "c1if4Oq5yD25P4CjvbG9"
    },
    {
        "accountno": "TA-2235521",
        "departmentno": "2",
        "salary": "35623",
        "pincode": "225123",
        "userid": "v6kdE9B6aAKR19zv9io7",
        "id": "nByIZd7wMluIiUBqGXFB"
    },
    {
        "accountno": "TA-3333333",
        "departmentno": "3",
        "salary": "3",
        "pincode": "333333",
        "userid": "0vNNxaYS7eBg08Y9dFJk",
        "id": "jYnwCWe3nvNHqpqyiZu8"
    },
    {
        "accountno": "TA-0000000",
        "departmentno": "0",
        "salary": "0",
        "pincode": "000000",
        "userid": "gQZ4fqeDFg3Q5GXeyGrY",
        "id": "VKq8LReIaPzgNdeIh0da"
    },
    {
        "accountno": "TA-5678333",
        "departmentno": "4",
        "salary": "45678",
        "pincode": "234567",
        "userid": "taGX4XQQfXD3Z76sI1Xn",
        "id": "9rB9y7XXuSq0yLOiHVvI"
    },
    {
        "accountno": "TA-9678923",
        "departmentno": "3",
        "salary": "23400",
        "pincode": "543005",
        "userid": "HmKUjtJcsDsvODxEmjla",
        "id": "4Him2DI9ClmUmf3lIYLD"
    },
    {
        "accountno": "TA-1234000",
        "departmentno": "1",
        "salary": "90000",
        "pincode": "987654",
        "userid": "3NFEupEYQGG2EFz1gvBG",
        "id": "FvZeKzUJSqvMEGI7Tbuw"
    },
    {
        "accountno": "TA-0000072",
        "departmentno": "8",
        "salary": "56000",
        "pincode": "853452",
        "userid": "xlqBI2bMTgs2WYDkMnQo",
        "id": "hpB8E1mjIJhrOkqbl4BX"
    },
    {
        "accountno": "TA-5680117",
        "departmentno": "5",
        "salary": "90700",
        "pincode": "567007",
        "userid": "0M87Gg0ZQtcBm8GaIrHo",
        "id": "UjignvoyuEMNpsFXEUtL"
    },
    {
        "accountno": "TA-tek0909",
        "departmentno": "1",
        "salary": "12345",
        "pincode": "636201",
        "userid": "AmFICKa0MUOyBMIVDhOW",
        "id": "1s0VVjXPP3CdYtIUfpDp"
    },
    {
        "accountno": "TA-1101101",
        "departmentno": "2",
        "salary": "68768",
        "pincode": "123564",
        "userid": "0sXEEwLw5uMWFON9o94n",
        "id": "Uzv764fCTa3tcblZj9hV"
    },
    {
        "accountno": "TA-1100005",
        "departmentno": "2",
        "salary": "70000",
        "pincode": "12110",
        "userid": "3NFEupEYQGG2EFz1gvBG",
        "id": "XOlFvnyRaoAUFWrllKIm"
    },
    {
        "accountno": "TA-1111111",
        "departmentno": "1",
        "salary": "1111111",
        "pincode": "111111",
        "userid": "owO6y8MSRjCNvNvfHjPb",
        "id": "hrE5xdzs4oVItoKfaMlM"
    },
    {
        "accountno": "TA-0999990",
        "departmentno": "9",
        "salary": "22139999999",
        "pincode": "099990",
        "userid": "epCZKK95v3CdjBuWOzWn",
        "id": "Q0hCfcvb1Jy8vymraOAl"
    },
    {
        "accountno": "TA-5678333",
        "departmentno": "4",
        "salary": "45678",
        "pincode": "234567",
        "userid": "GXqEbrggaM4KKESnABe4",
        "id": "ZN9mZe2Z3EyJQGQHmQZW"
    },
    {
        "accountno": "TA-Custard",
        "departmentno": "1",
        "salary": "50000",
        "pincode": "643203",
        "userid": "v4IEGsscftctjnf3W7q0",
        "id": "ye3k1MuCY7gX13u4MpOR"
    },
    {
        "accountno": "TA-Brazill",
        "departmentno": "2",
        "salary": "30000",
        "pincode": "322222",
        "userid": "v4IEGsscftctjnf3W7q0",
        "id": "2y8tdBww8DRDT7rrsD5G"
    },
    {
        "accountno": "TA-5656656",
        "departmentno": "5",
        "salary": "345678",
        "pincode": "999999",
        "userid": "hxe135Zi2Y4u4iyFD97W",
        "id": "fu4zgSStTYq3NkzDvd9f"
    },
    {
        "accountno": "TA-2235521",
        "departmentno": "2",
        "salary": "35623",
        "pincode": "225123",
        "userid": "v6kdE9B6aAKR19zv9io7",
        "id": "Wc0ea0zqAhwR7LQNJEfG"
    },
    {
        "accountno": "TA-3333333",
        "departmentno": "3",
        "salary": "3",
        "pincode": "333333",
        "userid": "0vNNxaYS7eBg08Y9dFJk",
        "id": "BTb8MAGpAkmsIGsP5QtE"
    },
    {
        "accountno": "TA-0000000",
        "departmentno": "0",
        "salary": "0",
        "pincode": "000000",
        "userid": "gQZ4fqeDFg3Q5GXeyGrY",
        "id": "Id6VrvjzzwHPbqFljqgT"
    },
    {
        "accountno": "TA-5678333",
        "departmentno": "4",
        "salary": "45678",
        "pincode": "234567",
        "userid": "taGX4XQQfXD3Z76sI1Xn",
        "id": "SYBmPDas3J0uH8ihhosQ"
    },
    {
        "accountno": "TA-1234000",
        "departmentno": "1",
        "salary": "90000",
        "pincode": "987654",
        "userid": "3NFEupEYQGG2EFz1gvBG",
        "id": "ydi6fZoOGdNKN3YhgGT1"
    },
    {
        "accountno": "TA-9678923",
        "departmentno": "3",
        "salary": "23400",
        "pincode": "543005",
        "userid": "HmKUjtJcsDsvODxEmjla",
        "id": "dNBwDfOj3IPB6qAQWiin"
    },
    {
        "accountno": "TA-0000072",
        "departmentno": "8",
        "salary": "56000",
        "pincode": "853452",
        "userid": "xlqBI2bMTgs2WYDkMnQo",
        "id": "G1Ei34Qwotx0Y2xfq3hJ"
    },
    {
        "accountno": "TA-tek0909",
        "departmentno": "1",
        "salary": "12345",
        "pincode": "636201",
        "userid": "AmFICKa0MUOyBMIVDhOW",
        "id": "9HpEdj0WbyH809CGEVzT"
    },
    {
        "accountno": "TA-1100005",
        "departmentno": "2",
        "salary": "70000",
        "pincode": "12110",
        "userid": "3NFEupEYQGG2EFz1gvBG",
        "id": "Y4HavtUU2FLfGiTu81AL"
    },
    {
        "accountno": "TA-1111111",
        "departmentno": "1",
        "salary": "1111111",
        "pincode": "111111",
        "userid": "owO6y8MSRjCNvNvfHjPb",
        "id": "rv4wvDKAT8bVsfaP2T8n"
    },
    {
        "accountno": "TA-5680117",
        "departmentno": "5",
        "salary": "90700",
        "pincode": "567007",
        "userid": "0M87Gg0ZQtcBm8GaIrHo",
        "id": "lolT2dgNRcxuGiUGPEXq"
    },
    {
        "accountno": "TA-0999990",
        "departmentno": "9",
        "salary": "22139999999",
        "pincode": "099990",
        "userid": "epCZKK95v3CdjBuWOzWn",
        "id": "VV1NkmKCzRYIXu4dQedd"
    },
    {
        "accountno": "TA-Brazill",
        "departmentno": "2",
        "salary": "30000",
        "pincode": "322222",
        "userid": "v4IEGsscftctjnf3W7q0",
        "id": "R4dCPoYUZEaWlVUod4MD"
    },
    {
        "accountno": "TA-5678333",
        "departmentno": "4",
        "salary": "45678",
        "pincode": "234567",
        "userid": "GXqEbrggaM4KKESnABe4",
        "id": "ltoxETgKeofQAeIpALcQ"
    },
    {
        "accountno": "TA-Custard",
        "departmentno": "1",
        "salary": "50000",
        "pincode": "643203",
        "userid": "v4IEGsscftctjnf3W7q0",
        "id": "guLo6JOdi7AvKTUhgP7E"
    },
    {
        "accountno": "TA-5656656",
        "departmentno": "5",
        "salary": "345678",
        "pincode": "999999",
        "userid": "hxe135Zi2Y4u4iyFD97W",
        "id": "NUfdvPPLI3hzeiChsQKB"
    },
    {
        "accountno": "TA-2235521",
        "departmentno": "2",
        "salary": "35623",
        "pincode": "225123",
        "userid": "v6kdE9B6aAKR19zv9io7",
        "id": "y2P5nIQIHaNE4wPrmyMg"
    },
    {
        "accountno": "TA-3333333",
        "departmentno": "3",
        "salary": "3",
        "pincode": "333333",
        "userid": "0vNNxaYS7eBg08Y9dFJk",
        "id": "jpkHF430xF71a3VYOIYj"
    },
    {
        "accountno": "TA-0000000",
        "departmentno": "0",
        "salary": "0",
        "pincode": "000000",
        "userid": "gQZ4fqeDFg3Q5GXeyGrY",
        "id": "BTBEj0cYYVZ5pNUNwrs1"
    },
    {
        "accountno": "TA-7464783",
        "departmentno": "4",
        "salary": "948373",
        "pincode": "560056",
        "userid": "7al5fs1jP8KG3vpCBpvS",
        "id": "4CwJtggjbIJCt2yVTcOC"
    },
    {
        "accountno": "TA-5678333",
        "departmentno": "4",
        "salary": "45678",
        "pincode": "234567",
        "userid": "taGX4XQQfXD3Z76sI1Xn",
        "id": "NYsAH2xeAJxPtOV9jL9p"
    },
    {
        "accountno": "TA-1234000",
        "departmentno": "1",
        "salary": "90000",
        "pincode": "987654",
        "userid": "3NFEupEYQGG2EFz1gvBG",
        "id": "eEoW9xW6NfkjHX2HHX4N"
    },
    {
        "accountno": "TA-9678923",
        "departmentno": "3",
        "salary": "23400",
        "pincode": "543005",
        "userid": "HmKUjtJcsDsvODxEmjla",
        "id": "rwp2rCgR7sBDmrTBtMz7"
    },
    {
        "accountno": "TA-0000072",
        "departmentno": "8",
        "salary": "56000",
        "pincode": "853452",
        "userid": "xlqBI2bMTgs2WYDkMnQo",
        "id": "UW1bvRzUAmk5YOO3WKGV"
    },
    {
        "accountno": "TA-1101101",
        "departmentno": "2",
        "salary": "68768",
        "pincode": "123564",
        "userid": "0sXEEwLw5uMWFON9o94n",
        "id": "BAwwewIfT5vdrijQtiGO"
    },
    {
        "accountno": "TA-tek0909",
        "departmentno": "1",
        "salary": "12345",
        "pincode": "636201",
        "userid": "AmFICKa0MUOyBMIVDhOW",
        "id": "kgVE0h24uyr2tBZrjp7y"
    },
    {
        "accountno": "TA-5680117",
        "departmentno": "5",
        "salary": "90700",
        "pincode": "567007",
        "userid": "0M87Gg0ZQtcBm8GaIrHo",
        "id": "vqQ0u4ALWvMI5mKYsGHT"
    },
    {
        "accountno": "TA-1111111",
        "departmentno": "1",
        "salary": "1111111",
        "pincode": "111111",
        "userid": "owO6y8MSRjCNvNvfHjPb",
        "id": "W4yWD50wf7O6JQIT52uX"
    },
    {
        "accountno": "TA-1100005",
        "departmentno": "2",
        "salary": "70000",
        "pincode": "12110",
        "userid": "3NFEupEYQGG2EFz1gvBG",
        "id": "RdFlnqUn6CBwX7RM08s0"
    },
    {
        "accountno": "TA-0999990",
        "departmentno": "9",
        "salary": "22139999999",
        "pincode": "099990",
        "userid": "epCZKK95v3CdjBuWOzWn",
        "id": "uyq6QSQGQEj3PRfwdTfD"
    },
    {
        "accountno": "TA-5678333",
        "departmentno": "4",
        "salary": "45678",
        "pincode": "234567",
        "userid": "GXqEbrggaM4KKESnABe4",
        "id": "8MlYSlhgyjY5Wxttc9nd"
    },
    {
        "accountno": "TA-Custard",
        "departmentno": "1",
        "salary": "50000",
        "pincode": "643203",
        "userid": "v4IEGsscftctjnf3W7q0",
        "id": "rvtpuyZNwDNLPsp3gXN9"
    },
    {
        "accountno": "TA-Brazill",
        "departmentno": "2",
        "salary": "30000",
        "pincode": "322222",
        "userid": "v4IEGsscftctjnf3W7q0",
        "id": "tVTiGse39bIPcF4X75HW"
    },
    {
        "accountno": "TA-2235521",
        "departmentno": "2",
        "salary": "35623",
        "pincode": "225123",
        "userid": "v6kdE9B6aAKR19zv9io7",
        "id": "xkTHeW5qn4wle5hX50jZ"
    },
    {
        "accountno": "TA-8989888",
        "departmentno": "6",
        "salary": "30000",
        "pincode": "400905",
        "userid": "qukNrE6oXWZYEhDpL71e",
        "id": "kDlxN50BqNtplFIHlFGZ"
    },
    {
        "accountno": "TA-5656656",
        "departmentno": "5",
        "salary": "345678",
        "pincode": "999999",
        "userid": "hxe135Zi2Y4u4iyFD97W",
        "id": "3041qt3hZ7Ja7sLRMZnU"
    },
    {
        "accountno": "TA-3333333",
        "departmentno": "3",
        "salary": "3",
        "pincode": "333333",
        "userid": "0vNNxaYS7eBg08Y9dFJk",
        "id": "T8oiZa4DzpsbG22McyGx"
    },
    {
        "accountno": "TA-0000000",
        "departmentno": "0",
        "salary": "0",
        "pincode": "000000",
        "userid": "gQZ4fqeDFg3Q5GXeyGrY",
        "id": "zF2eF7XrLNlMRwg7EEs9"
    },
    {
        "accountno": "TA-Amirthap",
        "departmentno": "2",
        "salary": "50000",
        "pincode": "111111",
        "userid": "rhBDRjoo08JLg6z6em1p",
        "id": "URCVuGaBuVY7O8gacucx"
    },
    {
        "accountno": "TA-Amirtha",
        "departmentno": "2",
        "salary": "50000",
        "pincode": "111111",
        "userid": "rhBDRjoo08JLg6z6em1p",
        "id": "tEposDQWqzW8SwoOTzAM"
    },
    {
        "accountno": "TA-5678333",
        "departmentno": "4",
        "salary": "45678",
        "pincode": "234567",
        "userid": "taGX4XQQfXD3Z76sI1Xn",
        "id": "xttYLmmSOeQcns9IpU23"
    },
    {
        "accountno": "TA-1234000",
        "departmentno": "1",
        "salary": "90000",
        "pincode": "987654",
        "userid": "3NFEupEYQGG2EFz1gvBG",
        "id": "IfIzLzkl8QzNHg0EhVxs"
    },
    {
        "accountno": "TA-9678923",
        "departmentno": "3",
        "salary": "23400",
        "pincode": "543005",
        "userid": "HmKUjtJcsDsvODxEmjla",
        "id": "RZeHBywYT0ix8KBykp3n"
    },
    {
        "accountno": "TA-0000072",
        "departmentno": "8",
        "salary": "56000",
        "pincode": "853452",
        "userid": "xlqBI2bMTgs2WYDkMnQo",
        "id": "0gBO7C76raCab6IyrXRX"
    },
    {
        "accountno": "TA-9824935",
        "departmentno": "1",
        "salary": "765263",
        "pincode": "237745",
        "userid": "hfZwzaNysf1hW8zmc9Zt",
        "id": "1NpzOwWZGzU0SAQms5DE"
    },
    {
        "accountno": "TA-tek0909",
        "departmentno": "1",
        "salary": "12345",
        "pincode": "636201",
        "userid": "AmFICKa0MUOyBMIVDhOW",
        "id": "8jXregP6XPOV5HboRk0e"
    },
    {
        "accountno": "TA-1101101",
        "departmentno": "2",
        "salary": "68768",
        "pincode": "123564",
        "userid": "0sXEEwLw5uMWFON9o94n",
        "id": "icJlbmH2QctK9R2f0xPq"
    },
    {
        "accountno": "TA-1100005",
        "departmentno": "2",
        "salary": "70000",
        "pincode": "12110",
        "userid": "3NFEupEYQGG2EFz1gvBG",
        "id": "0DcP48E7KQzRX7QasOVu"
    },
    {
        "accountno": "TA-1111111",
        "departmentno": "1",
        "salary": "1111111",
        "pincode": "111111",
        "userid": "owO6y8MSRjCNvNvfHjPb",
        "id": "Q7YvhfyiJ5R9iTgwvfKA"
    },
    {
        "accountno": "TA-0999990",
        "departmentno": "9",
        "salary": "22139999999",
        "pincode": "099990",
        "userid": "epCZKK95v3CdjBuWOzWn",
        "id": "BWwBrt6Ms2ov37vtir8V"
    },
    {
        "accountno": "TA-5678333",
        "departmentno": "4",
        "salary": "45678",
        "pincode": "234567",
        "userid": "GXqEbrggaM4KKESnABe4",
        "id": "JNay8uFuYMjpKQhYttfr"
    },
    {
        "accountno": "TA-Custard",
        "departmentno": "1",
        "salary": "50000",
        "pincode": "643203",
        "userid": "v4IEGsscftctjnf3W7q0",
        "id": "fcrYZXB1eamN6g9wPg66"
    },
    {
        "accountno": "TA-4567890",
        "departmentno": "6",
        "salary": "4536",
        "pincode": "234567",
        "userid": "rtRtK0JiUnvzAOUkys0z",
        "id": "OkyYVz9X8S8MAwj9lBV5"
    },
    {
        "accountno": "TA-Brazill",
        "departmentno": "2",
        "salary": "30000",
        "pincode": "322222",
        "userid": "v4IEGsscftctjnf3W7q0",
        "id": "J2gjuZRX97KSRvL76QeN"
    },
    {
        "accountno": "TA-5656656",
        "departmentno": "5",
        "salary": "345678",
        "pincode": "999999",
        "userid": "hxe135Zi2Y4u4iyFD97W",
        "id": "8a3xGVdlyHB8RbkKdEtR"
    },
    {
        "accountno": "TA-2235521",
        "departmentno": "2",
        "salary": "35623",
        "pincode": "225123",
        "userid": "v6kdE9B6aAKR19zv9io7",
        "id": "DPVLVIYhGwPeFwj1KTRh"
    },
    {
        "accountno": "TA-4567880",
        "departmentno": "6",
        "salary": "45789",
        "pincode": "567993",
        "userid": "SqjAz5C2GhwC6xsDYR9T",
        "id": "LlEfTxkv00Y8SMzYWFZH"
    },
    {
        "accountno": "TA-3333333",
        "departmentno": "3",
        "salary": "3",
        "pincode": "333333",
        "userid": "0vNNxaYS7eBg08Y9dFJk",
        "id": "WaJL0Kh5h8CAeNjdXOyC"
    },
    {
        "accountno": "TA-0000000",
        "departmentno": "0",
        "salary": "0",
        "pincode": "000000",
        "userid": "gQZ4fqeDFg3Q5GXeyGrY",
        "id": "crmcQ2kpKamVMypDVd7a"
    },
    {
        "accountno": "TA-5678333",
        "departmentno": "4",
        "salary": "45678",
        "pincode": "234567",
        "userid": "taGX4XQQfXD3Z76sI1Xn",
        "id": "zp1sEEom0yBrUAr36h4u"
    },
    {
        "accountno": "TA-1234000",
        "departmentno": "1",
        "salary": "90000",
        "pincode": "987654",
        "userid": "3NFEupEYQGG2EFz1gvBG",
        "id": "k7TNE7Wie7PTgzRgvDeH"
    },
    {
        "accountno": "TA-9678923",
        "departmentno": "3",
        "salary": "23400",
        "pincode": "543005",
        "userid": "HmKUjtJcsDsvODxEmjla",
        "id": "NKdaXlAjtQ5SbYWh7Wx2"
    },
    {
        "accountno": "TA-0000072",
        "departmentno": "8",
        "salary": "56000",
        "pincode": "853452",
        "userid": "xlqBI2bMTgs2WYDkMnQo",
        "id": "Ic4w2FM27JfPOb0BEZwo"
    },
    {
        "accountno": "TA-9890912",
        "departmentno": "8",
        "salary": "87869876",
        "pincode": "675512",
        "userid": "u69d85QZWFD0JAfGMQib",
        "id": "mUnATfsONYFICFsw7e73"
    },
    {
        "accountno": "TA-1100005",
        "departmentno": "2",
        "salary": "70000",
        "pincode": "12110",
        "userid": "3NFEupEYQGG2EFz1gvBG",
        "id": "tpz5ngm7pEKrM0jIUdC9"
    },
    {
        "accountno": "TA-1111111",
        "departmentno": "1",
        "salary": "1111111",
        "pincode": "111111",
        "userid": "owO6y8MSRjCNvNvfHjPb",
        "id": "3bWgvJPSLmB5ayZNXn4w"
    },
    {
        "accountno": "TA-tek0909",
        "departmentno": "1",
        "salary": "12345",
        "pincode": "636201",
        "userid": "AmFICKa0MUOyBMIVDhOW",
        "id": "JKO6Lxu4PwET4cSPFdYh"
    },
    {
        "accountno": "TA-1101101",
        "departmentno": "2",
        "salary": "68768",
        "pincode": "123564",
        "userid": "0sXEEwLw5uMWFON9o94n",
        "id": "YTC8bHkZadNxxUx3PbYv"
    },
    {
        "accountno": "TA-0999990",
        "departmentno": "9",
        "salary": "22139999999",
        "pincode": "099990",
        "userid": "epCZKK95v3CdjBuWOzWn",
        "id": "jNifEDwvWpOzzeMBNytG"
    },
    {
        "accountno": "TA-Brazill",
        "departmentno": "2",
        "salary": "30000",
        "pincode": "322222",
        "userid": "v4IEGsscftctjnf3W7q0",
        "id": "7dZRioO79YryY4UL4N0p"
    },
    {
        "accountno": "TA-5678333",
        "departmentno": "4",
        "salary": "45678",
        "pincode": "234567",
        "userid": "GXqEbrggaM4KKESnABe4",
        "id": "C9eu6Vz4UQOc5jjbXNhp"
    },
    {
        "accountno": "TA-Custard",
        "departmentno": "1",
        "salary": "50000",
        "pincode": "643203",
        "userid": "v4IEGsscftctjnf3W7q0",
        "id": "0RZ0ifvPouGGJTBm6ptO"
    },
    {
        "accountno": "TA-2235521",
        "departmentno": "2",
        "salary": "35623",
        "pincode": "225123",
        "userid": "v6kdE9B6aAKR19zv9io7",
        "id": "rnrwFPKLLTV0woL21vns"
    },
    {
        "accountno": "TA-5656656",
        "departmentno": "5",
        "salary": "345678",
        "pincode": "999999",
        "userid": "hxe135Zi2Y4u4iyFD97W",
        "id": "oiB0SYeZC7rNEWVWAWPr"
    },
    {
        "accountno": "TA-3333333",
        "departmentno": "3",
        "salary": "3",
        "pincode": "333333",
        "userid": "0vNNxaYS7eBg08Y9dFJk",
        "id": "R0lA8ZJXiBl1kRdb4jOL"
    },
    {
        "accountno": "TA-0000000",
        "departmentno": "0",
        "salary": "0",
        "pincode": "000000",
        "userid": "gQZ4fqeDFg3Q5GXeyGrY",
        "id": "1t3lndh9f2RHu69Wzo36"
    },
    {
        "accountno": "gsgdfd4-TA",
        "departmentno": "4",
        "salary": "3404546",
        "pincode": "757544",
        "userid": "GZWyTijuutGpUpRrQ8hH",
        "id": "NoWDVWNZ23kSHqWWI0E7"
    },
    {
        "accountno": "TA-1222001",
        "departmentno": "7",
        "salary": "81000",
        "pincode": "111003",
        "userid": "aswoxb8WWmJSI8oHNSDc",
        "id": "HozyV3laPrBBkaNV4CuQ"
    },
    {
        "accountno": "TA-5678333",
        "departmentno": "4",
        "salary": "45678",
        "pincode": "234567",
        "userid": "taGX4XQQfXD3Z76sI1Xn",
        "id": "dfHAg9iEjFmu5p0tcakO"
    },
    {
        "accountno": "TA-9678923",
        "departmentno": "3",
        "salary": "23400",
        "pincode": "543005",
        "userid": "HmKUjtJcsDsvODxEmjla",
        "id": "9nyn9demiEmU0UQnlUgn"
    },
    {
        "accountno": "TA-1234000",
        "departmentno": "1",
        "salary": "90000",
        "pincode": "987654",
        "userid": "3NFEupEYQGG2EFz1gvBG",
        "id": "10GiIAWBgPRoJITy54St"
    },
    {
        "accountno": "TA-0000072",
        "departmentno": "8",
        "salary": "56000",
        "pincode": "853452",
        "userid": "xlqBI2bMTgs2WYDkMnQo",
        "id": "7BcV3lowvlg28iIU4ULy"
    },
    {
        "accountno": "TA-tek0909",
        "departmentno": "1",
        "salary": "12345",
        "pincode": "636201",
        "userid": "AmFICKa0MUOyBMIVDhOW",
        "id": "MjvVqWm3RUPa6870m2zO"
    },
    {
        "accountno": "TA-1101101",
        "departmentno": "2",
        "salary": "68768",
        "pincode": "123564",
        "userid": "0sXEEwLw5uMWFON9o94n",
        "id": "4PfaD06FnzvmgMrjdB6o"
    },
    {
        "accountno": "TA-1100005",
        "departmentno": "2",
        "salary": "70000",
        "pincode": "12110",
        "userid": "3NFEupEYQGG2EFz1gvBG",
        "id": "0bEou0Bw2Z86uQuMAg10"
    },
    {
        "accountno": "TA-9890912",
        "departmentno": "8",
        "salary": "87869876",
        "pincode": "675512",
        "userid": "u69d85QZWFD0JAfGMQib",
        "id": "wKD7hghpkpqRDzkfA520"
    },
    {
        "accountno": "TA-1111111",
        "departmentno": "1",
        "salary": "1111111",
        "pincode": "111111",
        "userid": "owO6y8MSRjCNvNvfHjPb",
        "id": "rEqVbghlBArLYfpr4XGm"
    },
    {
        "accountno": "TA-5680117",
        "departmentno": "5",
        "salary": "90700",
        "pincode": "567007",
        "userid": "0M87Gg0ZQtcBm8GaIrHo",
        "id": "ZcgmIWQMl6Pj9cNiVOrA"
    },
    {
        "accountno": "TA-0999990",
        "departmentno": "9",
        "salary": "22139999999",
        "pincode": "099990",
        "userid": "epCZKK95v3CdjBuWOzWn",
        "id": "X9a5XB8UGMjnrJpXSh71"
    },
    {
        "accountno": "TA-5678333",
        "departmentno": "4",
        "salary": "45678",
        "pincode": "234567",
        "userid": "GXqEbrggaM4KKESnABe4",
        "id": "cFunUDh2wUffwrhxSeRM"
    },
    {
        "accountno": "TA-Brazill",
        "departmentno": "2",
        "salary": "30000",
        "pincode": "322222",
        "userid": "v4IEGsscftctjnf3W7q0",
        "id": "c39oBr1xQMOq4cOlCmwM"
    },
    {
        "accountno": "TA-Custard",
        "departmentno": "1",
        "salary": "50000",
        "pincode": "643203",
        "userid": "v4IEGsscftctjnf3W7q0",
        "id": "GFx19ly4Z1nFEAve7aSk"
    },
    {
        "accountno": "TA-5656656",
        "departmentno": "5",
        "salary": "345678",
        "pincode": "999999",
        "userid": "hxe135Zi2Y4u4iyFD97W",
        "id": "DHwRhXd0V75HmUQ1Vkqe"
    },
    {
        "accountno": "TA-2235521",
        "departmentno": "2",
        "salary": "35623",
        "pincode": "225123",
        "userid": "v6kdE9B6aAKR19zv9io7",
        "id": "j3tnZ66x3EptKOT9g1OP"
    },
    {
        "accountno": "TA-3333333",
        "departmentno": "3",
        "salary": "3",
        "pincode": "333333",
        "userid": "0vNNxaYS7eBg08Y9dFJk",
        "id": "CzJbstZkf6hGIITLxKhh"
    },
    {
        "accountno": "TA-0000000",
        "departmentno": "0",
        "salary": "0",
        "pincode": "000000",
        "userid": "gQZ4fqeDFg3Q5GXeyGrY",
        "id": "bcYTySTMOwIJuqnwOdjY"
    },
    {
        "accountno": "TA-amirtha",
        "departmentno": "2",
        "salary": "50000",
        "pincode": "222222",
        "userid": "rhBDRjoo08JLg6z6em1p",
        "id": "L1l5cjUBEXQjt8Wr7YXh"
    },
    {
        "accountno": "TA-1111112",
        "departmentno": "1",
        "salary": "50000",
        "pincode": "111111",
        "userid": "rhBDRjoo08JLg6z6em1p",
        "id": "m1tOt6Yw6Nut973QURVG"
    },
    {
        "accountno": "TA-1111111",
        "departmentno": "1",
        "salary": "50000",
        "pincode": "111111",
        "userid": "rhBDRjoo08JLg6z6em1p",
        "id": "2a40xSrBmBtNKZ0C4aXs"
    },
    {
        "accountno": "TA-5678889",
        "departmentno": "9",
        "salary": "56784",
        "pincode": "456783",
        "userid": "fMxix4YT72wZxEmojdlq",
        "id": "t8iWnuvKyPcB10q0mHxs"
    },
    {
        "accountno": "TA-5678333",
        "departmentno": "4",
        "salary": "45678",
        "pincode": "234567",
        "userid": "taGX4XQQfXD3Z76sI1Xn",
        "id": "d9cRevYBWoTFkLCR47U1"
    },
    {
        "accountno": "TA-9678923",
        "departmentno": "3",
        "salary": "23400",
        "pincode": "543005",
        "userid": "HmKUjtJcsDsvODxEmjla",
        "id": "apE0f5d1EQarBkfUVWZ5"
    },
    {
        "accountno": "TA-1234000",
        "departmentno": "1",
        "salary": "90000",
        "pincode": "987654",
        "userid": "3NFEupEYQGG2EFz1gvBG",
        "id": "gI9BjrrftGrJX2hMbRqU"
    },
    {
        "accountno": "TA-0000072",
        "departmentno": "8",
        "salary": "56000",
        "pincode": "853452",
        "userid": "xlqBI2bMTgs2WYDkMnQo",
        "id": "x7BZCzobT8IoAMoCRyxo"
    },
    {
        "accountno": "TA-1111111",
        "departmentno": "1",
        "salary": "1111111",
        "pincode": "111111",
        "userid": "owO6y8MSRjCNvNvfHjPb",
        "id": "lnO21ospU1CAQuT0X42e"
    },
    {
        "accountno": "TA-5680117",
        "departmentno": "5",
        "salary": "90700",
        "pincode": "567007",
        "userid": "0M87Gg0ZQtcBm8GaIrHo",
        "id": "OfZJ2heILGCZz7Ayn4Mr"
    },
    {
        "accountno": "TA-tek0909",
        "departmentno": "1",
        "salary": "12345",
        "pincode": "636201",
        "userid": "AmFICKa0MUOyBMIVDhOW",
        "id": "9nleVzDrw6UyH1EzJISa"
    },
    {
        "accountno": "TA-1101101",
        "departmentno": "2",
        "salary": "68768",
        "pincode": "123564",
        "userid": "0sXEEwLw5uMWFON9o94n",
        "id": "hou9DpQZtKACM9TBhw8k"
    },
    {
        "accountno": "TA-9890912",
        "departmentno": "8",
        "salary": "87869876",
        "pincode": "675512",
        "userid": "u69d85QZWFD0JAfGMQib",
        "id": "x9OH8sj4Pb1qdS2tASHl"
    },
    {
        "accountno": "TA-1100005",
        "departmentno": "2",
        "salary": "70000",
        "pincode": "12110",
        "userid": "3NFEupEYQGG2EFz1gvBG",
        "id": "XNHwouQAbMvZOydDScz0"
    },
    {
        "accountno": "TA-0999990",
        "departmentno": "9",
        "salary": "22139999999",
        "pincode": "099990",
        "userid": "epCZKK95v3CdjBuWOzWn",
        "id": "70QAJcoTO9oEtgzFyCWw"
    },
    {
        "accountno": "TA-5678333",
        "departmentno": "4",
        "salary": "45678",
        "pincode": "234567",
        "userid": "GXqEbrggaM4KKESnABe4",
        "id": "iMSq5UGB69Zd7ZCjIRvS"
    },
    {
        "accountno": "TA-Custard",
        "departmentno": "1",
        "salary": "50000",
        "pincode": "643203",
        "userid": "v4IEGsscftctjnf3W7q0",
        "id": "dJ5d052cG8pmcRQlRK4G"
    },
    {
        "accountno": "TA-Brazill",
        "departmentno": "2",
        "salary": "30000",
        "pincode": "322222",
        "userid": "v4IEGsscftctjnf3W7q0",
        "id": "CVnULr65DnYRtWfaDwab"
    },
    {
        "accountno": "TA-5656656",
        "departmentno": "5",
        "salary": "345678",
        "pincode": "999999",
        "userid": "hxe135Zi2Y4u4iyFD97W",
        "id": "o8qBhBgOklz3UeKjqSf6"
    },
    {
        "accountno": "TA-2235521",
        "departmentno": "2",
        "salary": "35623",
        "pincode": "225123",
        "userid": "v6kdE9B6aAKR19zv9io7",
        "id": "S2JAdOog0LJufLsMKCGR"
    },
    {
        "accountno": "TA-3333333",
        "departmentno": "3",
        "salary": "3",
        "pincode": "333333",
        "userid": "0vNNxaYS7eBg08Y9dFJk",
        "id": "cqckIXXzoRY2dpGTqXEI"
    },
    {
        "accountno": "TA-0000000",
        "departmentno": "0",
        "salary": "0",
        "pincode": "000000",
        "userid": "gQZ4fqeDFg3Q5GXeyGrY",
        "id": "Ow7vBdKmXcYYjowpradp"
    },
    {
        "accountno": "TA-5678333",
        "departmentno": "4",
        "salary": "45678",
        "pincode": "234567",
        "userid": "taGX4XQQfXD3Z76sI1Xn",
        "id": "98RTGdrIEaKxxmbDSHZJ"
    },
    {
        "accountno": "TA-1234000",
        "departmentno": "1",
        "salary": "90000",
        "pincode": "987654",
        "userid": "3NFEupEYQGG2EFz1gvBG",
        "id": "9bweUjo9K5S7xfId8OAX"
    },
    {
        "accountno": "TA-9678923",
        "departmentno": "3",
        "salary": "23400",
        "pincode": "543005",
        "userid": "HmKUjtJcsDsvODxEmjla",
        "id": "TY9cfQ9x5tz4Qg6NODA7"
    },
    {
        "accountno": "TA-0000072",
        "departmentno": "8",
        "salary": "56000",
        "pincode": "853452",
        "userid": "xlqBI2bMTgs2WYDkMnQo",
        "id": "zY4BeGjpSzIXy1fjrxu8"
    },
    {
        "accountno": "TA-1101101",
        "departmentno": "2",
        "salary": "68768",
        "pincode": "123564",
        "userid": "0sXEEwLw5uMWFON9o94n",
        "id": "S75PBRktDSRpe2obCM1a"
    },
    {
        "accountno": "TA-1100005",
        "departmentno": "2",
        "salary": "70000",
        "pincode": "12110",
        "userid": "3NFEupEYQGG2EFz1gvBG",
        "id": "PnpLQT5omIlnroAg10C3"
    },
    {
        "accountno": "TA-tek0909",
        "departmentno": "1",
        "salary": "12345",
        "pincode": "636201",
        "userid": "AmFICKa0MUOyBMIVDhOW",
        "id": "1Jtb7loYVzJFOH22Ludr"
    },
    {
        "accountno": "TA-5680117",
        "departmentno": "5",
        "salary": "90700",
        "pincode": "567007",
        "userid": "0M87Gg0ZQtcBm8GaIrHo",
        "id": "F35cfkyuvclRruMFPL1f"
    },
    {
        "accountno": "TA-9890912",
        "departmentno": "8",
        "salary": "87869876",
        "pincode": "675512",
        "userid": "u69d85QZWFD0JAfGMQib",
        "id": "VZHboObsEMcNQL98s2zY"
    },
    {
        "accountno": "TA-1111111",
        "departmentno": "1",
        "salary": "1111111",
        "pincode": "111111",
        "userid": "owO6y8MSRjCNvNvfHjPb",
        "id": "13SivTFwatBJyF7dlDH4"
    },
    {
        "accountno": "TA-0999990",
        "departmentno": "9",
        "salary": "22139999999",
        "pincode": "099990",
        "userid": "epCZKK95v3CdjBuWOzWn",
        "id": "MlSbcHOnO8IoNu0u4294"
    },
    {
        "accountno": "TA-5678333",
        "departmentno": "4",
        "salary": "45678",
        "pincode": "234567",
        "userid": "GXqEbrggaM4KKESnABe4",
        "id": "8SeioahMHaDHu1WvFKaX"
    },
    {
        "accountno": "TA-Brazill",
        "departmentno": "2",
        "salary": "30000",
        "pincode": "322222",
        "userid": "v4IEGsscftctjnf3W7q0",
        "id": "ot2L5kks0T3Laace3anS"
    },
    {
        "accountno": "TA-Custard",
        "departmentno": "1",
        "salary": "50000",
        "pincode": "643203",
        "userid": "v4IEGsscftctjnf3W7q0",
        "id": "OHIxWOZgBdHAdzTxWPsi"
    },
    {
        "accountno": "gsgdfd4-TA",
        "departmentno": "4",
        "salary": "3404546",
        "pincode": "757544",
        "userid": "GZWyTijuutGpUpRrQ8hH",
        "id": "xxNi1pUjZbmpeWDk8lNH"
    },
    {
        "accountno": "gsgdfd4-TA",
        "departmentno": "4",
        "salary": "3404546",
        "pincode": "757544",
        "userid": "GZWyTijuutGpUpRrQ8hH",
        "id": "17IC2SLlUhtcYgUbdv1d"
    },
    {
        "accountno": "gsgdfd4-TA",
        "departmentno": "4",
        "salary": "3404546",
        "pincode": "757544",
        "userid": "GZWyTijuutGpUpRrQ8hH",
        "id": "UjjN7RO10d4v8F1qEqYR"
    },
    {
        "accountno": "TA-5656656",
        "departmentno": "5",
        "salary": "345678",
        "pincode": "999999",
        "userid": "hxe135Zi2Y4u4iyFD97W",
        "id": "2bLSokqh0ZHATOJdCNRt"
    },
    {
        "accountno": "TA-2235521",
        "departmentno": "2",
        "salary": "35623",
        "pincode": "225123",
        "userid": "v6kdE9B6aAKR19zv9io7",
        "id": "lvW2aROq7BWM9JYAvr3g"
    },
    {
        "accountno": "gsgdfd4-TA",
        "departmentno": "4",
        "salary": "3404546",
        "pincode": "757544",
        "userid": "GZWyTijuutGpUpRrQ8hH",
        "id": "LxMo0u00SRz4VCxZ3Pb2"
    },
    {
        "accountno": "gsgdfd4-TA",
        "departmentno": "4",
        "salary": "3404546",
        "pincode": "757544",
        "userid": "GZWyTijuutGpUpRrQ8hH",
        "id": "3vilkpxAyucyDbU3vYND"
    },
    {
        "accountno": "gsgdfd4-TA",
        "departmentno": "4",
        "salary": "3404546",
        "pincode": "757544",
        "userid": "GZWyTijuutGpUpRrQ8hH",
        "id": "LvNCSRvZ1dO1IOaqtw4C"
    },
    {
        "accountno": "TA-3333333",
        "departmentno": "3",
        "salary": "3",
        "pincode": "333333",
        "userid": "0vNNxaYS7eBg08Y9dFJk",
        "id": "vOu0NC4I0UPVpBc20dtr"
    },
    {
        "accountno": "TA-0000000",
        "departmentno": "0",
        "salary": "0",
        "pincode": "000000",
        "userid": "gQZ4fqeDFg3Q5GXeyGrY",
        "id": "Rz0e9d6bCi21WvOFmftm"
    },
    {
        "accountno": "TA-1346788",
        "departmentno": "8",
        "salary": "56900",
        "pincode": "193179",
        "userid": "jUgI6EGnf0iBcEG0Tuws",
        "id": "ZRgGQn1pigA2S6jNDuWm"
    },
    {
        "accountno": "TA-1346788",
        "departmentno": "8",
        "salary": "56900",
        "pincode": "193179",
        "userid": "jUgI6EGnf0iBcEG0Tuws",
        "id": "tNes1sqQGZHJQ3h8ky85"
    },
    {
        "accountno": "TA-1346789",
        "departmentno": "7",
        "salary": "56900",
        "pincode": "193179",
        "userid": "jUgI6EGnf0iBcEG0Tuws",
        "id": "gzT3cr7kKmXVMVMi7gRg"
    },
    {
        "accountno": "TA-1212178",
        "departmentno": "1",
        "salary": "111891",
        "pincode": "111111",
        "userid": "PWFkTudx4qOE9olEI0bt",
        "id": "45047Pho7kg9isyv7Nca"
    },
    {
        "accountno": "TA-7676767",
        "departmentno": "2",
        "salary": "123000",
        "pincode": "234567",
        "userid": "PWFkTudx4qOE9olEI0bt",
        "id": "zaV3xvJtcCYc9CeMdhhg"
    },
    {
        "accountno": "TA-5678889",
        "departmentno": "9",
        "salary": "56784",
        "pincode": "456783",
        "userid": "fMxix4YT72wZxEmojdlq",
        "id": "wKyNpkq7gtfMf7C1ePZw"
    },
    {
        "accountno": "TA-5678887",
        "departmentno": "5",
        "salary": "56784",
        "pincode": "456783",
        "userid": "fMxix4YT72wZxEmojdlq",
        "id": "6eQyFYO9FwVdAXOBgJtB"
    },
    {
        "accountno": "TA-5678887",
        "departmentno": "5",
        "salary": "56784",
        "pincode": "456783",
        "userid": "fMxix4YT72wZxEmojdlq",
        "id": "tWWlQKY99rl62TfDWa6U"
    },
    {
        "accountno": "TA-5678333",
        "departmentno": "4",
        "salary": "45678",
        "pincode": "234567",
        "userid": "taGX4XQQfXD3Z76sI1Xn",
        "id": "7GzfnXnLDfTDjqN6P8Wx"
    },
    {
        "accountno": "TA-9678923",
        "departmentno": "3",
        "salary": "23400",
        "pincode": "543005",
        "userid": "HmKUjtJcsDsvODxEmjla",
        "id": "GTuJKpdSCn2Cy8pGreWS"
    },
    {
        "accountno": "TA-1234000",
        "departmentno": "1",
        "salary": "90000",
        "pincode": "987654",
        "userid": "3NFEupEYQGG2EFz1gvBG",
        "id": "D1VJNtWcnSg95l9POo7w"
    },
    {
        "accountno": "TA-MAY",
        "departmentno": "6",
        "salary": "4564567",
        "pincode": "456789",
        "userid": "6QXw2aIqus4V8HazrtME",
        "id": "tpDNkB7iCDFlRg1ldXm5"
    },
    {
        "accountno": "TA-0000072",
        "departmentno": "8",
        "salary": "56000",
        "pincode": "853452",
        "userid": "xlqBI2bMTgs2WYDkMnQo",
        "id": "0KfumRlMqDs4zNZlUubI"
    },
    {
        "accountno": "TA-tek0909",
        "departmentno": "1",
        "salary": "12345",
        "pincode": "636201",
        "userid": "AmFICKa0MUOyBMIVDhOW",
        "id": "Tjq7iw6EnStDr7BI11xP"
    },
    {
        "accountno": "TA-1111111",
        "departmentno": "1",
        "salary": "1111111",
        "pincode": "111111",
        "userid": "owO6y8MSRjCNvNvfHjPb",
        "id": "XS1OuFVsQpKGCMcerLSP"
    },
    {
        "accountno": "TA-1101101",
        "departmentno": "2",
        "salary": "68768",
        "pincode": "123564",
        "userid": "0sXEEwLw5uMWFON9o94n",
        "id": "VqMNOYq7tghwhkLQd7jm"
    },
    {
        "accountno": "TA-1100005",
        "departmentno": "2",
        "salary": "70000",
        "pincode": "12110",
        "userid": "3NFEupEYQGG2EFz1gvBG",
        "id": "SBzSsQrahgeaBfPRKB9S"
    },
    {
        "accountno": "TA-9890912",
        "departmentno": "8",
        "salary": "87869876",
        "pincode": "675512",
        "userid": "u69d85QZWFD0JAfGMQib",
        "id": "i7FMP4THV4uJE4UCQWQc"
    },
    {
        "accountno": "TA-5680117",
        "departmentno": "5",
        "salary": "90700",
        "pincode": "567007",
        "userid": "0M87Gg0ZQtcBm8GaIrHo",
        "id": "8c2iUfA4tlCo5MvLYWiL"
    },
    {
        "accountno": "TA-0999990",
        "departmentno": "9",
        "salary": "22139999999",
        "pincode": "099990",
        "userid": "epCZKK95v3CdjBuWOzWn",
        "id": "fSOknkScFvEjuChqawxt"
    },
    {
        "accountno": "TA-Custard",
        "departmentno": "1",
        "salary": "50000",
        "pincode": "643203",
        "userid": "v4IEGsscftctjnf3W7q0",
        "id": "c2DPAiYZCHVJmFIidpm4"
    },
    {
        "accountno": "TA-5678333",
        "departmentno": "4",
        "salary": "45678",
        "pincode": "234567",
        "userid": "GXqEbrggaM4KKESnABe4",
        "id": "5Stod3QcxCw1ss8nsvF1"
    },
    {
        "accountno": "TA-Brazill",
        "departmentno": "2",
        "salary": "30000",
        "pincode": "322222",
        "userid": "v4IEGsscftctjnf3W7q0",
        "id": "Qqzaia4VXIToGoIMbGSy"
    },
    {
        "accountno": "TA-686004",
        "departmentno": "-2137372354",
        "salary": "125600",
        "pincode": "208045",
        "userid": "eKqMOz79c8vVIxS7DBA5",
        "id": "5Npzm4a2iBp6KKKg2Ajt"
    },
    {
        "accountno": "TA-5656656",
        "departmentno": "5",
        "salary": "345678",
        "pincode": "999999",
        "userid": "hxe135Zi2Y4u4iyFD97W",
        "id": "CHhbdVWjDjgF0sdRzkhE"
    },
    {
        "accountno": "TA-2235521",
        "departmentno": "2",
        "salary": "35623",
        "pincode": "225123",
        "userid": "v6kdE9B6aAKR19zv9io7",
        "id": "KwOVbcs9dpopYBYOxMyC"
    },
    {
        "accountno": "TA-686004",
        "departmentno": "1706935270",
        "salary": "125600",
        "pincode": "208045",
        "userid": "eKqMOz79c8vVIxS7DBA5",
        "id": "R0b3VrO6ehDBCpfyIXuN"
    },
    {
        "accountno": "TA-686004",
        "departmentno": "6",
        "salary": "125600",
        "pincode": "208045",
        "userid": "eKqMOz79c8vVIxS7DBA5",
        "id": "Alh4KphkpYOGDjQzDiqW"
    },
    {
        "accountno": "TA-686004",
        "departmentno": "1989231759",
        "salary": "125600",
        "pincode": "208045",
        "userid": "eKqMOz79c8vVIxS7DBA5",
        "id": "CVqnfdiJ7moaWNRPE6EB"
    },
    {
        "accountno": "TA-3333333",
        "departmentno": "3",
        "salary": "3",
        "pincode": "333333",
        "userid": "0vNNxaYS7eBg08Y9dFJk",
        "id": "0KBw5hvCvIStdzER2QL9"
    },
    {
        "accountno": "TA-686004",
        "departmentno": "6",
        "salary": "125600",
        "pincode": "208045",
        "userid": "eKqMOz79c8vVIxS7DBA5",
        "id": "zPOcfLo8EcpYrEIo0UTa"
    },
    {
        "accountno": "TA-686004",
        "departmentno": "1o",
        "salary": "125600",
        "pincode": "208045",
        "userid": "eKqMOz79c8vVIxS7DBA5",
        "id": "ibKwwlollKBOdLEiFp9i"
    },
    {
        "accountno": "TA-686004",
        "departmentno": "1o",
        "salary": "125600",
        "pincode": "208045",
        "userid": "eKqMOz79c8vVIxS7DBA5",
        "id": "ma8jmTRNqwK2T0afymU0"
    },
    {
        "accountno": "TA-686004",
        "departmentno": "1o",
        "salary": "125600",
        "pincode": "208045",
        "userid": "eKqMOz79c8vVIxS7DBA5",
        "id": "n3yhOSEBqw7Qu2DlbH9I"
    },
    {
        "accountno": "TA-0000000",
        "departmentno": "0",
        "salary": "0",
        "pincode": "000000",
        "userid": "gQZ4fqeDFg3Q5GXeyGrY",
        "id": "hKqsLzZHhi52F5Ni8W8w"
    },
    {
        "accountno": "TA-7464783",
        "departmentno": "4",
        "salary": "948373",
        "pincode": "560056",
        "userid": "7al5fs1jP8KG3vpCBpvS",
        "id": "Sn7hVGQPtkizYriKr0Ak"
    },
    {
        "accountno": "TA-686004",
        "departmentno": "1o",
        "salary": "125600",
        "pincode": "208045",
        "userid": "eKqMOz79c8vVIxS7DBA5",
        "id": "m8jfhFHGcdIgQYW0ezyW"
    },
    {
        "accountno": "TA-5678333",
        "departmentno": "4",
        "salary": "45678",
        "pincode": "234567",
        "userid": "taGX4XQQfXD3Z76sI1Xn",
        "id": "XpF4xk65JfwFuGFyRuBC"
    },
    {
        "accountno": "TA-1234000",
        "departmentno": "1",
        "salary": "90000",
        "pincode": "987654",
        "userid": "3NFEupEYQGG2EFz1gvBG",
        "id": "r5SPZfWtpgiBf6T3keHK"
    },
    {
        "accountno": "TA-9678923",
        "departmentno": "3",
        "salary": "23400",
        "pincode": "543005",
        "userid": "HmKUjtJcsDsvODxEmjla",
        "id": "gtKrLKFGE5Gepai5IScB"
    },
    {
        "accountno": "TA-2345096",
        "departmentno": "7",
        "salary": "4000",
        "pincode": "456782",
        "userid": "fMxix4YT72wZxEmojdlq",
        "id": "7b0y7cyfxPYoixQGPyPy"
    },
    {
        "accountno": "TA-2345099",
        "departmentno": "9",
        "salary": "4005",
        "pincode": "456782",
        "userid": "fMxix4YT72wZxEmojdlq",
        "id": "TM2bTcw3kXxjlcFxtDxu"
    },
    {
        "accountno": "gsgdfd4-TA",
        "departmentno": "4",
        "salary": "3404546",
        "pincode": "757544",
        "userid": "GZWyTijuutGpUpRrQ8hH",
        "id": "m66YbCJUnxgwjBVRhWCD"
    },
    {
        "accountno": "TA-0000072",
        "departmentno": "8",
        "salary": "56000",
        "pincode": "853452",
        "userid": "xlqBI2bMTgs2WYDkMnQo",
        "id": "DxGJznN4TVtrzQNtm3lS"
    },
    {
        "accountno": "TA-1101101",
        "departmentno": "2",
        "salary": "68768",
        "pincode": "123564",
        "userid": "0sXEEwLw5uMWFON9o94n",
        "id": "f275Gus7uqdmwdmUMuad"
    },
    {
        "accountno": "TA-1100005",
        "departmentno": "2",
        "salary": "70000",
        "pincode": "12110",
        "userid": "3NFEupEYQGG2EFz1gvBG",
        "id": "08jfXW4hb2u84ZIyIeEp"
    },
    {
        "accountno": "TA-1111111",
        "departmentno": "1",
        "salary": "1111111",
        "pincode": "111111",
        "userid": "owO6y8MSRjCNvNvfHjPb",
        "id": "qARGzslYbwKgOKN0almb"
    },
    {
        "accountno": "TA-5680117",
        "departmentno": "5",
        "salary": "90700",
        "pincode": "567007",
        "userid": "0M87Gg0ZQtcBm8GaIrHo",
        "id": "K1OnuI5LCWyL1hrSs1DD"
    },
    {
        "accountno": "TA-9890912",
        "departmentno": "8",
        "salary": "87869876",
        "pincode": "675512",
        "userid": "u69d85QZWFD0JAfGMQib",
        "id": "0e64WSZSU64cVZK9ZuKf"
    },
    {
        "accountno": "TA-0999990",
        "departmentno": "9",
        "salary": "22139999999",
        "pincode": "099990",
        "userid": "epCZKK95v3CdjBuWOzWn",
        "id": "J4ePMSLaDbA7R76mQAGw"
    },
    {
        "accountno": "TA-Custard",
        "departmentno": "1",
        "salary": "50000",
        "pincode": "643203",
        "userid": "v4IEGsscftctjnf3W7q0",
        "id": "CzygnaohsteSmJ8XwMXk"
    },
    {
        "accountno": "gsgdfd4-TA",
        "departmentno": "4",
        "salary": "3404546",
        "pincode": "757544",
        "userid": "GZWyTijuutGpUpRrQ8hH",
        "id": "nKaahbVFHBBHRXtqdpsw"
    },
    {
        "accountno": "gsgdfd4-TA",
        "departmentno": "4",
        "salary": "3404546",
        "pincode": "757544",
        "userid": "GZWyTijuutGpUpRrQ8hH",
        "id": "Cr5ANmI5BAOKPCVu7b1O"
    },
    {
        "accountno": "TA-5678333",
        "departmentno": "4",
        "salary": "45678",
        "pincode": "234567",
        "userid": "GXqEbrggaM4KKESnABe4",
        "id": "9I0iJeS2jnKbclqpZr5n"
    },
    {
        "accountno": "TA-Brazill",
        "departmentno": "2",
        "salary": "30000",
        "pincode": "322222",
        "userid": "v4IEGsscftctjnf3W7q0",
        "id": "synCCiFqYGCKdHnFwqRL"
    },
    {
        "accountno": "gsgdfd4-TA",
        "departmentno": "4",
        "salary": "3404546",
        "pincode": "757544",
        "userid": "GZWyTijuutGpUpRrQ8hH",
        "id": "7yhZWSgwkqUmlga6luF4"
    },
    {
        "accountno": "gsgdfd4-TA",
        "departmentno": "5",
        "salary": "3404546",
        "pincode": "757544",
        "userid": "GZWyTijuutGpUpRrQ8hH",
        "id": "xhgwXPNIOdcpDERWtoJW"
    },
    {
        "accountno": "gsgdfd4-TA",
        "departmentno": "5",
        "salary": "3404546",
        "pincode": "757544",
        "userid": "GZWyTijuutGpUpRrQ8hH",
        "id": "GwzgXZwbU885ONLGGsLI"
    },
    {
        "accountno": "gsgdfd4-TA",
        "departmentno": "5",
        "salary": "3404546",
        "pincode": "757544",
        "userid": "GZWyTijuutGpUpRrQ8hH",
        "id": "ibJ2hDTIGCudUEIUJ1iv"
    },
    {
        "accountno": "TA-2235521",
        "departmentno": "2",
        "salary": "35623",
        "pincode": "225123",
        "userid": "v6kdE9B6aAKR19zv9io7",
        "id": "5xcBcc0IQ2DMtPQvfR41"
    },
    {
        "accountno": "TA-8989888",
        "departmentno": "6",
        "salary": "30000",
        "pincode": "400905",
        "userid": "qukNrE6oXWZYEhDpL71e",
        "id": "CwzsZfCJhxx3TRtBrq3m"
    },
    {
        "accountno": "TA-5656656",
        "departmentno": "5",
        "salary": "345678",
        "pincode": "999999",
        "userid": "hxe135Zi2Y4u4iyFD97W",
        "id": "MaesmKQzmLhAzuLC6b2w"
    },
    {
        "accountno": "TA-3333333",
        "departmentno": "3",
        "salary": "3",
        "pincode": "333333",
        "userid": "0vNNxaYS7eBg08Y9dFJk",
        "id": "mRrilXWrP3qBNiO7lwnk"
    },
    {
        "accountno": "TA-0000000",
        "departmentno": "0",
        "salary": "0",
        "pincode": "000000",
        "userid": "gQZ4fqeDFg3Q5GXeyGrY",
        "id": "2a4vqTP9a23NfgGkC1Oq"
    },
    {
        "accountno": "TA-5678333",
        "departmentno": "4",
        "salary": "45678",
        "pincode": "234567",
        "userid": "taGX4XQQfXD3Z76sI1Xn",
        "id": "vP5QuBgjoih5EAlAiOKj"
    },
    {
        "accountno": "TA-1234000",
        "departmentno": "1",
        "salary": "90000",
        "pincode": "987654",
        "userid": "3NFEupEYQGG2EFz1gvBG",
        "id": "OL1PyBXfG4ESwg5qlcTQ"
    },
    {
        "accountno": "TA-9678923",
        "departmentno": "3",
        "salary": "23400",
        "pincode": "543005",
        "userid": "HmKUjtJcsDsvODxEmjla",
        "id": "WeOy2juy2B6DqKJa9h5J"
    },
    {
        "accountno": "TA-0000072",
        "departmentno": "8",
        "salary": "56000",
        "pincode": "853452",
        "userid": "xlqBI2bMTgs2WYDkMnQo",
        "id": "G8kjuYCE6dK9TWaHs0Gy"
    },
    {
        "accountno": "TA-9824935",
        "departmentno": "1",
        "salary": "765263",
        "pincode": "237745",
        "userid": "hfZwzaNysf1hW8zmc9Zt",
        "id": "nlzRMdFA5bmsCr2buyDm"
    },
    {
        "accountno": "TA-1111111",
        "departmentno": "1",
        "salary": "1111111",
        "pincode": "111111",
        "userid": "owO6y8MSRjCNvNvfHjPb",
        "id": "tK6tdptSSUacO4Z1f3NN"
    },
    {
        "accountno": "TA-1101101",
        "departmentno": "2",
        "salary": "68768",
        "pincode": "123564",
        "userid": "0sXEEwLw5uMWFON9o94n",
        "id": "9AlHRb9yOSbluivD48kA"
    },
    {
        "accountno": "TA-1100005",
        "departmentno": "2",
        "salary": "70000",
        "pincode": "12110",
        "userid": "3NFEupEYQGG2EFz1gvBG",
        "id": "JxIqgjKamol8zKkTPIAp"
    },
    {
        "accountno": "TA-9890912",
        "departmentno": "8",
        "salary": "87869876",
        "pincode": "675512",
        "userid": "u69d85QZWFD0JAfGMQib",
        "id": "IhBf3JV70YQMWJUGbszV"
    },
    {
        "accountno": "TA-tek0909",
        "departmentno": "1",
        "salary": "12345",
        "pincode": "636201",
        "userid": "AmFICKa0MUOyBMIVDhOW",
        "id": "ogfR1c7ODXVVcNAfvywX"
    },
    {
        "accountno": "TA-0999990",
        "departmentno": "9",
        "salary": "22139999999",
        "pincode": "099990",
        "userid": "epCZKK95v3CdjBuWOzWn",
        "id": "wuV6WORjLfZtIrxJne4z"
    },
    {
        "accountno": "TA-Custard",
        "departmentno": "1",
        "salary": "50000",
        "pincode": "643203",
        "userid": "v4IEGsscftctjnf3W7q0",
        "id": "XGKX38b76X3uB5u81azr"
    },
    {
        "accountno": "TA-5678333",
        "departmentno": "4",
        "salary": "45678",
        "pincode": "234567",
        "userid": "GXqEbrggaM4KKESnABe4",
        "id": "y9rQ2jv93vYRPylynnbx"
    },
    {
        "accountno": "TA-Brazill",
        "departmentno": "2",
        "salary": "30000",
        "pincode": "322222",
        "userid": "v4IEGsscftctjnf3W7q0",
        "id": "hQzhuuSlot39azkHgrlx"
    },
    {
        "accountno": "TA-4567890",
        "departmentno": "6",
        "salary": "4536",
        "pincode": "234567",
        "userid": "rtRtK0JiUnvzAOUkys0z",
        "id": "njOOIqmdFh3BztnwV9iH"
    },
    {
        "accountno": "TA-4567880",
        "departmentno": "6",
        "salary": "45789",
        "pincode": "567993",
        "userid": "SqjAz5C2GhwC6xsDYR9T",
        "id": "ioCua6ji0LhpLzzyYO4f"
    },
    {
        "accountno": "TA-5656656",
        "departmentno": "5",
        "salary": "345678",
        "pincode": "999999",
        "userid": "hxe135Zi2Y4u4iyFD97W",
        "id": "O9wJZkH3y3ynZbjWjvui"
    },
    {
        "accountno": "TA-3333333",
        "departmentno": "3",
        "salary": "3",
        "pincode": "333333",
        "userid": "0vNNxaYS7eBg08Y9dFJk",
        "id": "jiZtoQciUUSaSYjXpYAi"
    },
    {
        "accountno": "TA-0000000",
        "departmentno": "0",
        "salary": "0",
        "pincode": "000000",
        "userid": "gQZ4fqeDFg3Q5GXeyGrY",
        "id": "NshZ8pzBkItqaU2A4I62"
    },
    {
        "accountno": "TA-2345099",
        "departmentno": "9",
        "salary": "4005",
        "pincode": "456782",
        "userid": "fMxix4YT72wZxEmojdlq",
        "id": "MdYTbBmIvgUM5YBBuFWq"
    },
    {
        "accountno": "TA-2345099",
        "departmentno": "9",
        "salary": "4005",
        "pincode": "456782",
        "userid": "fMxix4YT72wZxEmojdlq",
        "id": "IMja1LDVTMasINKkfmcp"
    },
    {
        "accountno": "TA-5678333",
        "departmentno": "4",
        "salary": "45678",
        "pincode": "234567",
        "userid": "taGX4XQQfXD3Z76sI1Xn",
        "id": "KzXzUXkJUXIyCLkXgbGh"
    },
    {
        "accountno": "TA-9678923",
        "departmentno": "3",
        "salary": "23400",
        "pincode": "543005",
        "userid": "HmKUjtJcsDsvODxEmjla",
        "id": "f4DVEbaYUu8Xy0c6bN1f"
    },
    {
        "accountno": "TA-1234000",
        "departmentno": "1",
        "salary": "90000",
        "pincode": "987654",
        "userid": "3NFEupEYQGG2EFz1gvBG",
        "id": "bh66wsHMJaXVyJCl5h9C"
    },
    {
        "accountno": "TA-0000072",
        "departmentno": "8",
        "salary": "56000",
        "pincode": "853452",
        "userid": "xlqBI2bMTgs2WYDkMnQo",
        "id": "DAwF0S09niiZEZh312EP"
    },
    {
        "accountno": "TA-1111111",
        "departmentno": "1",
        "salary": "1111111",
        "pincode": "111111",
        "userid": "owO6y8MSRjCNvNvfHjPb",
        "id": "d98k5GHVhoCt7QNZuqZ6"
    },
    {
        "accountno": "TA-1101101",
        "departmentno": "2",
        "salary": "68768",
        "pincode": "123564",
        "userid": "0sXEEwLw5uMWFON9o94n",
        "id": "zxBOgYG6S5zMXX2rtnxq"
    },
    {
        "accountno": "TA-9890912",
        "departmentno": "8",
        "salary": "87869876",
        "pincode": "675512",
        "userid": "u69d85QZWFD0JAfGMQib",
        "id": "pzgdyvFjScsEDchHqzGP"
    },
    {
        "accountno": "TA-tek0909",
        "departmentno": "1",
        "salary": "12345",
        "pincode": "636201",
        "userid": "AmFICKa0MUOyBMIVDhOW",
        "id": "Ld5IxQSzbpIKcn6nzcSv"
    },
    {
        "accountno": "TA-1100005",
        "departmentno": "2",
        "salary": "70000",
        "pincode": "12110",
        "userid": "3NFEupEYQGG2EFz1gvBG",
        "id": "Oyeko8grbOovpZ5dhsW1"
    },
    {
        "accountno": "TA-0999990",
        "departmentno": "9",
        "salary": "22139999999",
        "pincode": "099990",
        "userid": "epCZKK95v3CdjBuWOzWn",
        "id": "QPBflth5Aj17Jcp0Mp0r"
    },
    {
        "accountno": "TA-5678333",
        "departmentno": "4",
        "salary": "45678",
        "pincode": "234567",
        "userid": "GXqEbrggaM4KKESnABe4",
        "id": "2gJLZjuy0YqT3EDkILtx"
    },
    {
        "accountno": "TA-Brazill",
        "departmentno": "2",
        "salary": "30000",
        "pincode": "322222",
        "userid": "v4IEGsscftctjnf3W7q0",
        "id": "1rGMfJvGqR1DN04JYoZP"
    },
    {
        "accountno": "TA-Custard",
        "departmentno": "1",
        "salary": "50000",
        "pincode": "643203",
        "userid": "v4IEGsscftctjnf3W7q0",
        "id": "3wspKt3sLw9qLh09jzOD"
    },
    {
        "accountno": "TA-5656656",
        "departmentno": "5",
        "salary": "345678",
        "pincode": "999999",
        "userid": "hxe135Zi2Y4u4iyFD97W",
        "id": "e1LTKY4tgDE7ilhRGpa5"
    },
    {
        "accountno": "TA-2235521",
        "departmentno": "2",
        "salary": "35623",
        "pincode": "225123",
        "userid": "v6kdE9B6aAKR19zv9io7",
        "id": "rxBz24o4Lqx813uAhZPP"
    },
    {
        "accountno": "TA-3333333",
        "departmentno": "3",
        "salary": "3",
        "pincode": "333333",
        "userid": "0vNNxaYS7eBg08Y9dFJk",
        "id": "oPjxGP1aGxNxosnF9BD7"
    },
    {
        "accountno": "TA-0000000",
        "departmentno": "0",
        "salary": "0",
        "pincode": "000000",
        "userid": "gQZ4fqeDFg3Q5GXeyGrY",
        "id": "RAJC0KwIWZgV6s29PPKI"
    },
    {
        "accountno": "TA-1222001",
        "departmentno": "7",
        "salary": "81000",
        "pincode": "111003",
        "userid": "aswoxb8WWmJSI8oHNSDc",
        "id": "9C2SDh8FfNuC36TyUZEA"
    },
    {
        "accountno": "TA-5678333",
        "departmentno": "4",
        "salary": "45678",
        "pincode": "234567",
        "userid": "taGX4XQQfXD3Z76sI1Xn",
        "id": "IPVhjshSsuJWT04Rf2fO"
    },
    {
        "accountno": "TA-9678923",
        "departmentno": "3",
        "salary": "23400",
        "pincode": "543005",
        "userid": "HmKUjtJcsDsvODxEmjla",
        "id": "v6NjtVXMDwkFwfzMAN9l"
    },
    {
        "accountno": "TA-1234000",
        "departmentno": "1",
        "salary": "90000",
        "pincode": "987654",
        "userid": "3NFEupEYQGG2EFz1gvBG",
        "id": "DFSMNWLdS0crAvjuLBvq"
    },
    {
        "accountno": "TA-5678983",
        "departmentno": "5",
        "salary": "56789",
        "pincode": "456783",
        "userid": "taGX4XQQfXD3Z76sI1Xn",
        "id": "o53W1UjR4bDa2ZQVjS7Q"
    },
    {
        "accountno": "TA-5678983",
        "departmentno": "5",
        "salary": "56789",
        "pincode": "456783",
        "userid": "taGX4XQQfXD3Z76sI1Xn",
        "id": "iCiIekYtvwRCNKEqXfUU"
    },
    {
        "accountno": "TA-5678983",
        "departmentno": "5",
        "salary": "56789",
        "pincode": "456783",
        "userid": "taGX4XQQfXD3Z76sI1Xn",
        "id": "NFdy5FibqZvgsMeHUnNV"
    },
    {
        "accountno": "TA-5678983",
        "departmentno": "5",
        "salary": "56789",
        "pincode": "456783",
        "userid": "taGX4XQQfXD3Z76sI1Xn",
        "id": "6eLZmDQrGh6RnuDOkUfU"
    },
    {
        "accountno": "TA-5678983",
        "departmentno": "5",
        "salary": "56789",
        "pincode": "456783",
        "userid": "taGX4XQQfXD3Z76sI1Xn",
        "id": "851USwZ1sobwOFfygdsE"
    },
    {
        "accountno": "TA-5678983",
        "departmentno": "5",
        "salary": "56789",
        "pincode": "456783",
        "userid": "taGX4XQQfXD3Z76sI1Xn",
        "id": "tX0i50rTDHhUTqGZaQ3A"
    },
    {
        "accountno": "TA-0000072",
        "departmentno": "8",
        "salary": "56000",
        "pincode": "853452",
        "userid": "xlqBI2bMTgs2WYDkMnQo",
        "id": "7PpdZXU3QpBg8LqYfJhq"
    },
    {
        "accountno": "TA-1100005",
        "departmentno": "2",
        "salary": "70000",
        "pincode": "12110",
        "userid": "3NFEupEYQGG2EFz1gvBG",
        "id": "NtOqjLCBv38xXqGryU4n"
    },
    {
        "accountno": "TA-5680117",
        "departmentno": "5",
        "salary": "90700",
        "pincode": "567007",
        "userid": "0M87Gg0ZQtcBm8GaIrHo",
        "id": "eRzMBMqNVH1pIudWwrYj"
    },
    {
        "accountno": "TA-9890912",
        "departmentno": "8",
        "salary": "87869876",
        "pincode": "675512",
        "userid": "u69d85QZWFD0JAfGMQib",
        "id": "1VgbuIZ91uBmkSw1m4P9"
    },
    {
        "accountno": "TA-tek0909",
        "departmentno": "1",
        "salary": "12345",
        "pincode": "636201",
        "userid": "AmFICKa0MUOyBMIVDhOW",
        "id": "VtyCHKUW0QPttcYrL2TX"
    },
    {
        "accountno": "TA-1111111",
        "departmentno": "1",
        "salary": "1111111",
        "pincode": "111111",
        "userid": "owO6y8MSRjCNvNvfHjPb",
        "id": "WoUFj6i4jzwUp4u7Qeqz"
    },
    {
        "accountno": "TA-1101101",
        "departmentno": "2",
        "salary": "68768",
        "pincode": "123564",
        "userid": "0sXEEwLw5uMWFON9o94n",
        "id": "As2CasuPsqDfWyhn5EH1"
    },
    {
        "accountno": "TA-0999990",
        "departmentno": "9",
        "salary": "22139999999",
        "pincode": "099990",
        "userid": "epCZKK95v3CdjBuWOzWn",
        "id": "RB09jNg6dvqxxwV06UDy"
    },
    {
        "accountno": "TA-Brazill",
        "departmentno": "2",
        "salary": "30000",
        "pincode": "322222",
        "userid": "v4IEGsscftctjnf3W7q0",
        "id": "So3GSbO8N9q4QMY4PTUF"
    },
    {
        "accountno": "TA-Custard",
        "departmentno": "1",
        "salary": "50000",
        "pincode": "643203",
        "userid": "v4IEGsscftctjnf3W7q0",
        "id": "FrBgofbgvYUjddlGTDuI"
    },
    {
        "accountno": "TA-5678333",
        "departmentno": "4",
        "salary": "45678",
        "pincode": "234567",
        "userid": "GXqEbrggaM4KKESnABe4",
        "id": "GAfXav8bLtToMwXJz6BV"
    },
    {
        "accountno": "TA-2235521",
        "departmentno": "2",
        "salary": "35623",
        "pincode": "225123",
        "userid": "v6kdE9B6aAKR19zv9io7",
        "id": "IRjzaqcsFUfXIili8Udd"
    },
    {
        "accountno": "TA-5656656",
        "departmentno": "5",
        "salary": "345678",
        "pincode": "999999",
        "userid": "hxe135Zi2Y4u4iyFD97W",
        "id": "2tM0Faw9DYDru4MDG1RQ"
    },
    {
        "accountno": "TA-gsgdfd4",
        "departmentno": "7",
[...]
        "accountno": "TA-5656656",
        "departmentno": "5",
        "salary": "345678",
        "pincode": "999999",
        "userid": "hxe135Zi2Y4u4iyFD97W",
        "id": "fbGNyxGRDjnLIAAdj6ic"
    },
    {
        "accountno": "TA-7871673",
        "departmentno": "2",
        "salary": "148890",
        "pincode": "56929-6100",
        "userid": "iEvW6f6Tepjk56f5WRJd",
        "id": "zqAw6n61gbxFeEOxmqnq"
    },
    {
        "accountno": "TA-3137139",
        "departmentno": "4",
        "salary": "98403",
        "pincode": "73455",
        "userid": "iEvW6f6Tepjk56f5WRJd",
        "id": "WjHs31qVLjNDToR5JcNl"
    },
    {
        "accountno": "TA-0221562",
        "departmentno": "5",
        "salary": "469309",
        "pincode": "09021",
        "userid": "iEvW6f6Tepjk56f5WRJd",
        "id": "woBL8XIVSSlhDN6ELums"
    },
    {
        "accountno": "TA-6813268",
        "departmentno": "8",
        "salary": "285163",
        "pincode": "77275",
        "userid": "iEvW6f6Tepjk56f5WRJd",
        "id": "FecmNrdEmYgOz57tKPbl"
    },
    {
        "accountno": "TA-3333333",
        "departmentno": "3",
        "salary": "3",
        "pincode": "333333",
        "userid": "0vNNxaYS7eBg08Y9dFJk",
        "id": "9KQGtzYnjV7Di5A4eIgI"
    },
    {
        "accountno": "TA-4775184",
        "departmentno": "8",
        "salary": "134609",
        "pincode": "39958-7798",
        "userid": "iEvW6f6Tepjk56f5WRJd",
        "id": "yWMEeknb9AAUbAH5yTuc"
    },
    {
        "accountno": "TA-6809603",
        "departmentno": "4",
        "salary": "141647",
        "pincode": "05804-9109",
        "userid": "iEvW6f6Tepjk56f5WRJd",
        "id": "HZZnfByP6C7bNYW63c7E"
    },
    {
        "accountno": "TA-7369795",
        "departmentno": "5",
        "salary": "322388",
        "pincode": "20519",
        "userid": "iEvW6f6Tepjk56f5WRJd",
        "id": "XfFcMG3cmIGaFZbtUttX"
    },
    {
        "accountno": "TA-0000000",
        "departmentno": "0",
        "salary": "0",
        "pincode": "000000",
        "userid": "gQZ4fqeDFg3Q5GXeyGrY",
        "id": "YP6Df8bZ5GMTSgyOAwF9"
    },
    {
        "accountno": "TA-5161283",
        "departmentno": "7",
        "salary": "365931",
        "pincode": "89636-0565",
        "userid": "iEvW6f6Tepjk56f5WRJd",
        "id": "OopqsVCCX9B6aZqB1Cy7"
    },
    {
        "accountno": "TA-3726009",
        "departmentno": "3",
        "salary": "431407",
        "pincode": "90149-9316",
        "userid": "iEvW6f6Tepjk56f5WRJd",
        "id": "Gi4B5ZpeX1tjSqQBCgvJ"
    },
    {
        "accountno": "TA-19258274",
        "departmentno": "8",
        "salary": "234556755",
        "pincode": "600008",
        "userid": "qmvMk5bbkFZpXoBh3Ea6",
        "id": "lhXj8wZR66SCGZDKIEgx"
    },
    {
        "accountno": "TA-3345266",
        "departmentno": "3",
        "salary": "77474",
        "pincode": "63192",
        "userid": "iEvW6f6Tepjk56f5WRJd",
        "id": "iFStnLDeijT8lky9jeIQ"
    },
    {
        "accountno": "TA-6336058",
        "departmentno": "5",
        "salary": "341401",
        "pincode": "42153",
        "userid": "iEvW6f6Tepjk56f5WRJd",
        "id": "1RP4Ct2AcSR8oducpcky"
    },
    {
        "accountno": "TA-19258274",
        "departmentno": "8",
        "salary": "234556755",
        "pincode": "600008",
        "userid": "qmvMk5bbkFZpXoBh3Ea6",
        "id": "aHCStg9CzID6mHWl3u9m"
    },
    {
        "accountno": "TA-0745714",
        "departmentno": "6",
        "salary": "87172",
        "pincode": "40985-9054",
        "userid": "iEvW6f6Tepjk56f5WRJd",
        "id": "xNeVpeMCt7pzIknLgUnM"
    },
    {
        "accountno": "TA-5678333",
        "departmentno": "4",
        "salary": "45678",
        "pincode": "234567",
        "userid": "taGX4XQQfXD3Z76sI1Xn",
        "id": "ToLbbXUqyShGIHKucboX"
    },
    {
        "accountno": "TA-9678923",
        "departmentno": "3",
        "salary": "23400",
        "pincode": "543005",
        "userid": "HmKUjtJcsDsvODxEmjla",
        "id": "Ce6WD4EYbPlN7Dc2gBPD"
    },
    {
        "accountno": "TA-1234000",
        "departmentno": "1",
        "salary": "90000",
        "pincode": "987654",
        "userid": "3NFEupEYQGG2EFz1gvBG",
        "id": "ldE5GSnqAlVWyBMkjUG9"
    },
    {
        "accountno": "TA-9898989",
        "departmentno": "8",
        "salary": "989787897",
        "pincode": "876543",
        "userid": "zmzWmdqNc6HoVvWtNOpL",
        "id": "Xqs72JVfueJwZPjt3VJ6"
    },
    {
        "accountno": "TA-6789098",
        "departmentno": "5",
        "salary": "89877655",
        "pincode": "987754",
        "userid": "zmzWmdqNc6HoVvWtNOpL",
        "id": "9jfSjFfFR2TiJBKxv9lQ"
    },
    {
        "accountno": "TA-9988997",
        "departmentno": "2",
        "salary": "233243434",
        "pincode": "234343",
        "userid": "zmzWmdqNc6HoVvWtNOpL",
        "id": "aKApbmCreHD4UjmAbPaH"
    },
    {
        "accountno": "TA-19258274",
        "departmentno": "8",
        "salary": "234556755",
        "pincode": "600008",
        "userid": "qmvMk5bbkFZpXoBh3Ea6",
        "id": "sB7kcy539hjWw01MHSi2"
    },
    {
        "accountno": "TA-0000072",
        "departmentno": "8",
        "salary": "56000",
        "pincode": "853452",
        "userid": "xlqBI2bMTgs2WYDkMnQo",
        "id": "UAbNUHK5bWEI0zGFfWMM"
    },
    {
        "accountno": "TA-1123423",
        "departmentno": "7",
        "salary": "54653",
        "pincode": "254037",
        "userid": "WocHzcW4PZXLgmS6NBQd",
        "id": "viETUrHkLLhH3ts2Yaej"
    },
    {
        "accountno": "TA-1100005",
        "departmentno": "2",
        "salary": "70000",
        "pincode": "12110",
        "userid": "3NFEupEYQGG2EFz1gvBG",
        "id": "4UG8QGBL6b0KgriM6muX"
    },
    {
        "accountno": "TA-1101101",
        "departmentno": "2",
        "salary": "68768",
        "pincode": "123564",
        "userid": "0sXEEwLw5uMWFON9o94n",
        "id": "4KF1LP8V4tsq3Acy2N7Q"
    },
    {
        "accountno": "TA-tek0909",
        "departmentno": "1",
        "salary": "12345",
        "pincode": "636201",
        "userid": "AmFICKa0MUOyBMIVDhOW",
        "id": "j6EFnbs6pDvQ7YiIX0es"
    },
    {
        "accountno": "TA-5680117",
        "departmentno": "5",
        "salary": "90700",
        "pincode": "567007",
        "userid": "0M87Gg0ZQtcBm8GaIrHo",
        "id": "xPqqdfe30YX4CARZbnNM"
    },
    {
        "accountno": "TA-1111111",
        "departmentno": "1",
        "salary": "1111111",
        "pincode": "111111",
        "userid": "owO6y8MSRjCNvNvfHjPb",
        "id": "a626YbY8F3KZlSUKQiUl"
    },
    {
        "accountno": "TA-0999990",
        "departmentno": "9",
        "salary": "22139999999",
        "pincode": "099990",
        "userid": "epCZKK95v3CdjBuWOzWn",
        "id": "mIfijoAWlN1xWFCFuZog"
    },
    {
        "accountno": "TA-5186697",
        "departmentno": "8",
        "salary": "191582",
        "pincode": "44076",
        "userid": "iEvW6f6Tepjk56f5WRJd",
        "id": "TJCdcs52LJ6S4sTGIntV"
    },
    {
        "accountno": "TA-1949456",
        "departmentno": "7",
        "salary": "208557",
        "pincode": "73585",
        "userid": "iEvW6f6Tepjk56f5WRJd",
        "id": "ORkndod7X8bnDohLfuAa"
    },
    {
        "accountno": "TA-3778034",
        "departmentno": "8",
        "salary": "438909",
        "pincode": "74724-3771",
        "userid": "iEvW6f6Tepjk56f5WRJd",
        "id": "VkPniRUkiOH7kgrbgRHQ"
    },
    {
        "accountno": "TA-5156260",
        "departmentno": "3",
        "salary": "250687",
        "pincode": "39775",
        "userid": "iEvW6f6Tepjk56f5WRJd",
        "id": "6b52QqFfNScrSiO2ydac"
    },
    {
        "accountno": "TA-0172712",
        "departmentno": "5",
        "salary": "106380",
        "pincode": "85615",
        "userid": "iEvW6f6Tepjk56f5WRJd",
        "id": "V5TzSZVLIT18UjbmHgF2"
    },
    {
        "accountno": "TA-0218670",
        "departmentno": "3",
        "salary": "171076",
        "pincode": "29294-4502",
        "userid": "iEvW6f6Tepjk56f5WRJd",
        "id": "pa2s9AxcNwMOwVXhFmiS"
    },
    {
        "accountno": "TA-Brazill",
        "departmentno": "2",
        "salary": "30000",
        "pincode": "322222",
        "userid": "v4IEGsscftctjnf3W7q0",
        "id": "zGrjcd4TZMwPiaIpt4Uq"
    },
    {
        "accountno": "TA-Custard",
        "departmentno": "1",
        "salary": "50000",
        "pincode": "643203",
        "userid": "v4IEGsscftctjnf3W7q0",
        "id": "QvFFpPkLmAujpfWkOZXT"
    },
    {
        "accountno": "TA-5678333",
        "departmentno": "4",
        "salary": "45678",
        "pincode": "234567",
        "userid": "GXqEbrggaM4KKESnABe4",
        "id": "B74KtqzbiRLahtQ3qPTh"
    },
    {
        "accountno": "TA-9340453",
        "departmentno": "7",
        "salary": "203972",
        "pincode": "76898-7206",
        "userid": "iEvW6f6Tepjk56f5WRJd",
        "id": "sWAZUEXOqsWZGZX2Cnvr"
    },
    {
        "accountno": "TA-1633490",
        "departmentno": "0",
        "salary": "397600",
        "pincode": "43044-2001",
        "userid": "iEvW6f6Tepjk56f5WRJd",
        "id": "vOOPRjoGBdVM61h8RJX1"
    },
    {
        "accountno": "TA-1107451",
        "departmentno": "4",
        "salary": "406330",
        "pincode": "46050-2266",
        "userid": "iEvW6f6Tepjk56f5WRJd",
        "id": "qoGyKpeC4HysGiI9eEd0"
    },
    {
        "accountno": "TA-5088838",
        "departmentno": "4",
        "salary": "148995",
        "pincode": "40641",
        "userid": "iEvW6f6Tepjk56f5WRJd",
        "id": "RAk5T3nYaEdAfwu7t7Qf"
    },
    {
        "accountno": "TA-3973415",
        "departmentno": "8",
        "salary": "371016",
        "pincode": "86928",
        "userid": "iEvW6f6Tepjk56f5WRJd",
        "id": "jzH10vmWd3lDCpFlVXSi"
    },
    {
        "accountno": "TA-4283205",
        "departmentno": "4",
        "salary": "153364",
        "pincode": "51814",
        "userid": "iEvW6f6Tepjk56f5WRJd",
        "id": "5QtNt1gSuB0AoTexxyoZ"
    },
    {
        "accountno": "TA-2171672",
        "departmentno": "7",
        "salary": "340745",
        "pincode": "67527-6058",
        "userid": "iEvW6f6Tepjk56f5WRJd",
        "id": "5BUWrjMVq5Za7qIgqlZ9"
    },
    {
        "accountno": "TA-7894562",
        "departmentno": "5",
        "salary": "789654",
        "pincode": "887654",
        "userid": "N4cV6tC5motivTd6doUg",
        "id": "LLdfrln2PzxsU8QNInYk"
    },
    {
        "accountno": "TA-1004402",
        "departmentno": "8",
        "salary": "157857",
        "pincode": "22217-4803",
        "userid": "iEvW6f6Tepjk56f5WRJd",
        "id": "ZHnv0cSpThSBPlBPqh0a"
    },
    {
        "accountno": "TA-7894562",
        "departmentno": "5",
        "salary": "789654",
        "pincode": "887654",
        "userid": "N4cV6tC5motivTd6doUg",
        "id": "AGB9XqziIVARX8be1UHd"
    },
    {
        "accountno": "TA-2465302",
        "departmentno": "9",
        "salary": "403770",
        "pincode": "36811-2941",
        "userid": "iEvW6f6Tepjk56f5WRJd",
        "id": "Gfz7XbEM6yoR6zWahEsF"
    },
    {
        "accountno": "TA-0770796",
        "departmentno": "0",
        "salary": "396083",
        "pincode": "27562-5111",
        "userid": "iEvW6f6Tepjk56f5WRJd",
        "id": "Vf3bUAu8lC0zIUEpYVp6"
    },
    {
        "accountno": "TA-1483248",
        "departmentno": "5",
        "salary": "310360",
        "pincode": "55378-3971",
        "userid": "iEvW6f6Tepjk56f5WRJd",
        "id": "xJtmhyAV2bjCahuQFy21"
    },
    {
        "accountno": "TA-8323120",
        "departmentno": "6",
        "salary": "391959",
        "pincode": "40932-4178",
        "userid": "iEvW6f6Tepjk56f5WRJd",
        "id": "Z2xkwPj9e6TQ9akU3Xmw"
    },
    {
        "accountno": "TA-5656656",
        "departmentno": "5",
        "salary": "345678",
        "pincode": "999999",
        "userid": "hxe135Zi2Y4u4iyFD97W",
        "id": "uAgOUo2bT7bxV4ZnLQXH"
    },
    {
        "accountno": "TA-2204183",
        "departmentno": "8",
        "salary": "144562",
        "pincode": "72963",
        "userid": "iEvW6f6Tepjk56f5WRJd",
        "id": "mjEz9pwJcX5lIilwbHME"
    },
    {
        "accountno": "TA-2235521",
        "departmentno": "2",
        "salary": "35623",
        "pincode": "225123",
        "userid": "v6kdE9B6aAKR19zv9io7",
        "id": "jb9nxOWYaVr3ecusdYAP"
    },
    {
        "accountno": "TA-1111111",
        "departmentno": "1",
        "salary": "40000",
        "pincode": "123456",
        "userid": "vAAqN9fUcxYvgeJkx2wH",
        "id": "KarKpYy0fTUc6qY20sH5"
    },
    {
        "accountno": "TA-0003987",
        "departmentno": "4",
        "salary": "56000",
        "pincode": "853452",
        "userid": "01AaHa7cteUsHOJb9Jdj",
        "id": "P3YkrdARim8clE5ewx65"
    },
    {
        "accountno": "TA-3333333",
        "departmentno": "3",
        "salary": "3",
        "pincode": "333333",
        "userid": "0vNNxaYS7eBg08Y9dFJk",
        "id": "mwfyNPtuvzb9j7E64vQW"
    },
    {
        "accountno": "TA-6726481",
        "departmentno": "6",
        "salary": "282349",
        "pincode": "60710-2848",
        "userid": "iEvW6f6Tepjk56f5WRJd",
        "id": "2R5GRYwbKIWz3bG8VMhC"
    },
    {
        "accountno": "TA-2295010",
        "departmentno": "6",
        "salary": "481907",
        "pincode": "74704",
        "userid": "iEvW6f6Tepjk56f5WRJd",
        "id": "VI3z1bDuzxlH8BkuplzA"
    },
    {
        "accountno": "TA-1234567",
        "departmentno": "9",
        "salary": "25000",
        "pincode": "123456",
        "userid": "iEvW6f6Tepjk56f5WRJd",
        "id": "qpiHZ3SY5YennKzelWd8"
    },
    {
        "accountno": "TA-7938227",
        "departmentno": "2",
        "salary": "488066",
        "pincode": "05716",
        "userid": "iEvW6f6Tepjk56f5WRJd",
        "id": "u0vi3UHQUb3vNz9z4nPG"
    },
    {
        "accountno": "TA-2439220",
        "departmentno": "9",
        "salary": "999371",
        "pincode": "337432",
        "userid": "iEvW6f6Tepjk56f5WRJd",
        "id": "s0Fkr7Dnp4nBsAEbCHug"
    },
    {
        "accountno": "TA-0000000",
        "departmentno": "0",
        "salary": "0",
        "pincode": "000000",
        "userid": "gQZ4fqeDFg3Q5GXeyGrY",
        "id": "CZ7OOjXC2e2IV8j23Gif"
    },
    {
        "accountno": "TA-1123423",
        "departmentno": "7",
        "salary": "54653",
        "pincode": "254037",
        "userid": "WocHzcW4PZXLgmS6NBQd",
        "id": "s1z3B8O0Y3D7fP63P3M3"
    },
    {
        "accountno": "TA-1123423",
        "departmentno": "7",
        "salary": "54653",
        "pincode": "254037",
        "userid": "WocHzcW4PZXLgmS6NBQd",
        "id": "57y7NeDlMmNIiW2JrTFK"
    },
    {
        "accountno": "TA-5678333",
        "departmentno": "4",
        "salary": "45678",
        "pincode": "234567",
        "userid": "taGX4XQQfXD3Z76sI1Xn",
        "id": "T256H4Gnh2nR9VGVqWS3"
    },
    {
        "accountno": "TA-1234000",
        "departmentno": "1",
        "salary": "90000",
        "pincode": "987654",
        "userid": "3NFEupEYQGG2EFz1gvBG",
        "id": "jfbqDbToMAJixRhX88Ej"
    },
    {
        "accountno": "TA-4567890",
        "departmentno": "6",
        "salary": "45789",
        "pincode": "567993",
        "userid": "taGX4XQQfXD3Z76sI1Xn",
        "id": "xtudly87hIeuIeZqdXjA"
    },
    {
        "accountno": "TA-9678923",
        "departmentno": "3",
        "salary": "23400",
        "pincode": "543005",
        "userid": "HmKUjtJcsDsvODxEmjla",
        "id": "v8fiaiF1KwBVmQTF2fxj"
    }
]
2025-04-27 22:39:41,668 INFO  APITestListeners.java:29 - GetUserDataTest
]]></system-out>
    <system-err><![CDATA[SLF4J: Failed to load class "org.slf4j.impl.StaticLoggerBinder".
SLF4J: Defaulting to no-operation (NOP) logger implementation
SLF4J: See http://www.slf4j.org/codes.html#StaticLoggerBinder for further details.
]]></system-err>
  </testcase>
  <testcase name="addUserWithFakerDataTest" classname="com.Automation.APITest.AddUserTest" time="1.846">
    <system-out><![CDATA[com.Automation.RequestPOJO.LoginRequestPOJO@8b41ad
2025-04-27 22:39:41,878 INFO  AddUserTest.java:43 - --------------Before class Login Post--------------
2025-04-27 22:39:41,879 DEBUG AddUserTest.java:50 - rhBDRjoo08JLg6z6em1p
2025-04-27 22:39:41,879 DEBUG AddUserTest.java:51 - 7y0ePlWmSacus1vp5FQgKR6XWcNEiQXuOmljSOxrts2abQF4aGsBj5cLwcXP4YNK7uDdAWHwM4w4tRHwr1AUwZnCxu9Gt1tVu0Ad
2025-04-27 22:39:41,879 INFO  APITestListeners.java:22 - addUserWithFakerDataTest Using getName()

 Fake user payload {"accountno":"TA-17157","departmentno":"TA-2","salary":"74535","pincode":"47726"}
201
7y0ePlWmSacus1vp5FQgKR6XWcNEiQXuOmljSOxrts2abQF4aGsBj5cLwcXP4YNK7uDdAWHwM4w4tRHwr1AUwZnCxu9Gt1tVu0Ad
success
2025-04-27 22:39:43,725 INFO  APITestListeners.java:29 - addUserWithFakerDataTest
]]></system-out>
  </testcase>
  <testcase name="testaddUserusingJsonFile" classname="com.Automation.APITest.AddUserTest" time="0.001">
    <system-out><![CDATA[com.Automation.RequestPOJO.LoginRequestPOJO@ca2be53
2025-04-27 22:39:43,906 INFO  AddUserTest.java:43 - --------------Before class Login Post--------------
2025-04-27 22:39:43,907 DEBUG AddUserTest.java:50 - rhBDRjoo08JLg6z6em1p
2025-04-27 22:39:43,907 DEBUG AddUserTest.java:51 - FebffNhTkKrZH6GpSbwJL7HHmbiLw4IAeEFpEJo6wIRRwiFKkmp5JUhuyBdOnXq7LWffkjUIZ6ANHoXXVsup0QpRDopnohySbwWB
2025-04-27 22:39:43,908 INFO  APITestListeners.java:22 - testaddUserusingJsonFile Using getName()
2025-04-27 22:39:43,909 INFO  APITestListeners.java:29 - testaddUserusingJsonFile
]]></system-out>
  </testcase>
  <testcase name="verifyAddUserdataTest" classname="com.Automation.APITest.AddUserTest" time="3.255">
    <system-out><![CDATA[com.Automation.RequestPOJO.LoginRequestPOJO@2c1a8529
2025-04-27 22:39:44,077 INFO  AddUserTest.java:43 - --------------Before class Login Post--------------
2025-04-27 22:39:44,078 DEBUG AddUserTest.java:50 - rhBDRjoo08JLg6z6em1p
2025-04-27 22:39:44,079 DEBUG AddUserTest.java:51 - rUekFFmAYTmiY76XXMfiyxCcHOhaXRK5YNXrQwjHRAErZgnN81jtQ6wO8h6cnDwfhzecart8muPtI0JSIqU6n2DLbcBulOhjCxMl
2025-04-27 22:39:44,079 INFO  APITestListeners.java:22 - verifyAddUserdataTest Using getName()
2025-04-27 22:39:47,334 INFO  APITestListeners.java:29 - verifyAddUserdataTest
]]></system-out>
  </testcase>
  <testcase name="deleteUserdataTest" classname="com.Automation.APITest.AddUserTest" time="1.428">
    <system-out><![CDATA[com.Automation.RequestPOJO.LoginRequestPOJO@4407b042
2025-04-27 22:39:47,514 INFO  AddUserTest.java:43 - --------------Before class Login Post--------------
2025-04-27 22:39:47,515 DEBUG AddUserTest.java:50 - rhBDRjoo08JLg6z6em1p
2025-04-27 22:39:47,515 DEBUG AddUserTest.java:51 - AUbNVrliRECgLiiBveBsOsbeQvPzEBu0Ju0zSXZTUkBSSyn4Cx2b6AMKGBSMkcBEKz5qogHxvHM0oxc9hx2QOVxpOjJ8HPUVZwZK
2025-04-27 22:39:47,515 INFO  APITestListeners.java:22 - deleteUserdataTest Using getName()
{"userid":"rhBDRjoo08JLg6z6em1p","id":"TIEVpvGcXZXbWNTMpdyJ"}
{
    "status": "success"
}
200
200
2025-04-27 22:39:48,941 INFO  APITestListeners.java:29 - deleteUserdataTest
]]></system-out>
  </testcase>
  <testcase name="loginTest" classname="com.Automation.APITest.LoginTest" time="0.17">
    <system-out><![CDATA[2025-04-27 22:39:48,946 INFO  APITestListeners.java:22 - loginTest Using getName()
com.Automation.RequestPOJO.LoginRequestPOJO@49a06087
2025-04-27 22:39:49,115 DEBUG LoginTest.java:40 - rhBDRjoo08JLg6z6em1p
2025-04-27 22:39:49,115 DEBUG LoginTest.java:41 - MOaGdX9Z1sas1Vor6DlsTwJTq5ZR5nj7o6DRIkFGTDJ14TC9ss4UofudMxRlWJdseFvFpMzFiKy2RrC69HOGmrBxQXodWD5ZxQ3o
2025-04-27 22:39:49,115 DEBUG LoginTest.java:42 - rhBDRjoo08JLg6z6em1p
2025-04-27 22:39:49,115 DEBUG LoginTest.java:43 - [
    {
        "token": "MOaGdX9Z1sas1Vor6DlsTwJTq5ZR5nj7o6DRIkFGTDJ14TC9ss4UofudMxRlWJdseFvFpMzFiKy2RrC69HOGmrBxQXodWD5ZxQ3o",
        "userid": "rhBDRjoo08JLg6z6em1p"
    }
]
2025-04-27 22:39:49,116 INFO  APITestListeners.java:29 - loginTest
]]></system-out>
  </testcase>
</testsuite>